2
12
https://github.com/daisycamber/lotteharper.git
6s/GIT_REPO.*/GIT_REPO="https:\/\/github.com\/daisycamber\/lotteharper.git"/g
https://gitlab.com/charlotte-harper/lotteh2025-04-29.git
3s/GIT_REPO.*/GIT_REPO="https:\/\/gitlab.com\/charlotte-harper\/lotteh2025-04-29.git"/g
setuptools==58.2.0
twilio
autocorrect
paramiko
ccxt
numpy
urllib3
webauthn
Reinitialized existing Git repository in /home/team/lotteh/.git/
[main d62e809] backup
 516 files changed, 13 insertions(+), 13 deletions(-)
 create mode 100644 cache/00b6837e42186e2cf4bc1d00b26364cf.djcache
 create mode 100644 cache/00d08224e4f459864d6b8f768149951f.djcache
 create mode 100644 cache/023aa0975fc5222196e6c4c2ee505734.djcache
 create mode 100644 cache/0383414083f90cfcbbe839b02e3fd38b.djcache
 delete mode 100644 cache/03d262ce1b21df55705d8c53ae838342.djcache
 delete mode 100644 cache/04478ffd68a21814279c5e1ac8b0cced.djcache
 delete mode 100644 cache/04db0f4d9c6061ea9a903415f7de161d.djcache
 create mode 100644 cache/05877a82e01faa119f0fbc23fd5e6dbc.djcache
 delete mode 100644 cache/06222cea3e7a650ea20fa2c896127c65.djcache
 create mode 100644 cache/06ac76e9aefadc3cd64ce13c91a3f89d.djcache
 create mode 100644 cache/0719a3c35a484f73fd9ed046f26f01ab.djcache
 delete mode 100644 cache/0847cd792ebb4bbfc83659f66caa2649.djcache
 create mode 100644 cache/0aaae3b67c34df7e7fef1a8e1ef1085e.djcache
 create mode 100644 cache/0ab52650c88fd819fd87cbe956b59231.djcache
 delete mode 100644 cache/0b7becd9b701d0643deb77e802dc648a.djcache
 delete mode 100644 cache/0b9ab62177ecf542e44097b5a64ed976.djcache
 delete mode 100644 cache/0c3d6975a16a5e0410144d948f475a84.djcache
 create mode 100644 cache/0ceaf56e68389acd17c857c04c84b742.djcache
 create mode 100644 cache/0d70b2518e7afb245b32e5d0f6903068.djcache
 delete mode 100644 cache/0f21eb07663ebd57148c1c3fdc6491e4.djcache
 delete mode 100644 cache/0f9aa0b4417afeee575a5c438f194bef.djcache
 create mode 100644 cache/10ad15a6dcdd01c41b8bcfab7c3029f2.djcache
 delete mode 100644 cache/1122a5f9164702c3e10533e05abca76a.djcache
 delete mode 100644 cache/1145aa8dc962c3aa4f2e680c13c1dd68.djcache
 create mode 100644 cache/114c4378ed179f986fa6665777424020.djcache
 delete mode 100644 cache/12a699ac4f52357748493d55a0a43a29.djcache
 delete mode 100644 cache/146180c2c9390dd18a5834fd230096ba.djcache
 create mode 100644 cache/14b46fbd937b6277ff7a29672269d50e.djcache
 delete mode 100644 cache/14f9e78c3ae128646b5290dcad1f97a1.djcache
 create mode 100644 cache/156dc3b360e78d993b8f0b4cefce9781.djcache
 create mode 100644 cache/1591378515322f527dae6b92cd71945e.djcache
 create mode 100644 cache/15b237687155e3ab1a0f1c00efcfbb61.djcache
 delete mode 100644 cache/168d1d47624d907a1d23d3ac6d7f6b87.djcache
 delete mode 100644 cache/17098abe673887ceafd0e340fb84e5f9.djcache
 create mode 100644 cache/1748605da789b4fe48908d663bb6a782.djcache
 delete mode 100644 cache/174d0ae0a9876dece8ceb5057b7cffb4.djcache
 create mode 100644 cache/178729cc4962ab53f9bdfe98a62d56ec.djcache
 create mode 100644 cache/17b8620136ea2858215bf9cd8bd7f66a.djcache
 delete mode 100644 cache/185a3c839dc2966165be16d8bac48c1c.djcache
 create mode 100644 cache/18956aa579c2a6c6821c0d3f0bced4ee.djcache
 create mode 100644 cache/1898bf93c51d3a4fdd175d7c614e9f9b.djcache
 create mode 100644 cache/197763da7234b1022d1db933db924681.djcache
 create mode 100644 cache/1a104a7071abaa901dd02276eb69f5d2.djcache
 create mode 100644 cache/1b1e63813db94cfb707f2dc3c98131c7.djcache
 delete mode 100644 cache/1b5188e01eebbce09973a206b9eea658.djcache
 delete mode 100644 cache/1c2a8bdfa053a1562ce0aacd25cd171f.djcache
 delete mode 100644 cache/1c77e2c920efa8ad97228a8cd6ddb770.djcache
 create mode 100644 cache/1d41519f44eab4fbe83a0eace6e061a4.djcache
 delete mode 100644 cache/1d4b96108c0d5a3209ea1498f744295d.djcache
 create mode 100644 cache/1d83e0e4524811944943bbd934cf4af3.djcache
 create mode 100644 cache/1dee7ecdcbc54d32e0ddd9bcb838d7e6.djcache
 create mode 100644 cache/1e6517f71e24657a21e022a652e152b6.djcache
 delete mode 100644 cache/1e70ff3268274cfa7eb16d2ae32d13ab.djcache
 delete mode 100644 cache/20ae41476a3625364ab789b561ae3688.djcache
 create mode 100644 cache/21108d16c3246fe997d47c08b32576b0.djcache
 delete mode 100644 cache/218cee1e2d9f3e563453ac3529c362f5.djcache
 create mode 100644 cache/228074cdd14df40fba483d0cbd93e9b7.djcache
 create mode 100644 cache/24ad382f1e0fa83c02efa0d245af63cb.djcache
 delete mode 100644 cache/256f806fc8918cd6ecd0190bc726c009.djcache
 create mode 100644 cache/2584bd8b3c722ad4d6f1c65386473983.djcache
 create mode 100644 cache/258eea4cf4b438b9c758a89531cac79f.djcache
 delete mode 100644 cache/25d5a64d7b42a3eb381a5d794a9f6e39.djcache
 delete mode 100644 cache/2789b3a3bbcc13c3e164fb1ca290785f.djcache
 create mode 100644 cache/278e8187bd04a22f643ee5a9a738433b.djcache
 create mode 100644 cache/2806b2fbd2c7436d1c07bb8eecfc0f29.djcache
 delete mode 100644 cache/282eb691391c6a5a1bce8880136aeff7.djcache
 delete mode 100644 cache/28646c7451d1fb32b11adfbd64dea09f.djcache
 delete mode 100644 cache/28a773deae3f9311740d416f34437967.djcache
 delete mode 100644 cache/292863f08c67ec0a9c52df7442ae505a.djcache
 delete mode 100644 cache/29c348a605a86e544eec72306fcfcb6e.djcache
 create mode 100644 cache/2abe0cd71024eff40bff2d633067b466.djcache
 create mode 100644 cache/2bd137a36639a311d04132e29305c7a1.djcache
 create mode 100644 cache/2c87e706826239c0b3c2f127bf657112.djcache
 create mode 100644 cache/2e60b38b16adb25bfa382b1988ca4338.djcache
 delete mode 100644 cache/2e6e885cd4a4d43085cd56eb8b61c6ae.djcache
 delete mode 100644 cache/2e8f85de457bdce36acfbb69d99967f6.djcache
 create mode 100644 cache/2effd8b03e0fde52d0ba2faeaa67207d.djcache
 create mode 100644 cache/2f2213040b5551d382f69131d8ca4c8b.djcache
 create mode 100644 cache/2f7a5de01704b930dd35187b9ae42364.djcache
 create mode 100644 cache/2f82ffc801ac6522e2fa153e1d94666a.djcache
 create mode 100644 cache/30509fe4e7a21d66d7c5b0c6ee2790ae.djcache
 create mode 100644 cache/30faff4a78d5db89b716a56cccc8ae7f.djcache
 delete mode 100644 cache/320753ca8ed78e4c58d11dd0e94cdfe3.djcache
 delete mode 100644 cache/3211fe08417a43defb018b048366d8c0.djcache
 delete mode 100644 cache/327af900fb3b78171acd592b6fc13400.djcache
 create mode 100644 cache/327ca07a7ba2aa60ac4f39a45870a2db.djcache
 delete mode 100644 cache/32cfdf574c7f3b02a2f446c0ccee5eac.djcache
 create mode 100644 cache/342efd91ddb9282d15ff3a4aa198039e.djcache
 delete mode 100644 cache/3456d14174a1dfc8cd91796da65f9488.djcache
 delete mode 100644 cache/3625be0648e0e9a1c5838b81b1d4ada5.djcache
 delete mode 100644 cache/362d3aa831aef4a4486ae5569ea0d767.djcache
 create mode 100644 cache/3632fb606f056b407685f460ed27d618.djcache
 create mode 100644 cache/36bdfc40e18b1ddd017552291b98b9d6.djcache
 create mode 100644 cache/3772996e7a012a6d9fb8ba54d4592b43.djcache
 create mode 100644 cache/383c01a847ae7f1fb939811f2bf27a87.djcache
 delete mode 100644 cache/388eedea9e707483894e571f5b5e332b.djcache
 create mode 100644 cache/38f79244f6c9db2a9162e689ff297b33.djcache
 create mode 100644 cache/3998ebc9750adb79a11b4a30b24e65ad.djcache
 create mode 100644 cache/3a2b2eedbe9b88536377ca93b7028885.djcache
 delete mode 100644 cache/3a76d3e9b4e2ee405072a2f90f63e979.djcache
 create mode 100644 cache/3a96d9e3dcc1e1e1010aec2ba72a17eb.djcache
 delete mode 100644 cache/3ab3391c683cd8a2fd4400b3d8a2af9b.djcache
 delete mode 100644 cache/3b0e2ad4fed04fbdbfb75d74285024aa.djcache
 create mode 100644 cache/3b44d412e8a4923346f5d5937f63419d.djcache
 create mode 100644 cache/3b9b7bcf4dec9aaf284b38a80e1b3aaf.djcache
 create mode 100644 cache/3cac8817fc379524e3e615471a8db06b.djcache
 create mode 100644 cache/3e92cb7235e5850ff7538726f3440ab6.djcache
 create mode 100644 cache/3ee3b14bc9bfce1f65f5c8d24039c28c.djcache
 create mode 100644 cache/3f5db2c41084c1055fd90882e113b607.djcache
 create mode 100644 cache/3f80404f98bb8134c9b51861c12b27f5.djcache
 create mode 100644 cache/3f9737e445ff98892e048d72d18f3a97.djcache
 create mode 100644 cache/40322d68f8a1fcf87670556f5f5ba8b4.djcache
 create mode 100644 cache/404182fbe3eda6243ca7e72dfd5d7329.djcache
 delete mode 100644 cache/409059155c48e83069dae460a7d407bd.djcache
 create mode 100644 cache/40ee2d066cbc4adfb93f1f7f9265d34a.djcache
 create mode 100644 cache/4199882ce0311ee28ea7e8aed89cffd0.djcache
 create mode 100644 cache/41bc888d2b793c20f9e64e7cfe001338.djcache
 delete mode 100644 cache/42d073fde8e14c491c053b47724e9900.djcache
 delete mode 100644 cache/42ef777ce7678c5a4ad790ef8d4adb49.djcache
 delete mode 100644 cache/4333115bd427555cb319823684b24575.djcache
 create mode 100644 cache/43987d27c03c471733c3f3e05a022467.djcache
 create mode 100644 cache/44a747fe226bf85f34f3c5080c124cf9.djcache
 delete mode 100644 cache/454112e5b5b4a39902726a9a1e431478.djcache
 create mode 100644 cache/45691d76278b19b087e2d517f5fe58e1.djcache
 create mode 100644 cache/45b62d79859de7e89758784cd418d408.djcache
 create mode 100644 cache/470473b323d91628110c544e8630af83.djcache
 delete mode 100644 cache/47997734d2de26ec5d13e7f85666936d.djcache
 create mode 100644 cache/48b7b30a5ce1db98b01c9550457924f3.djcache
 delete mode 100644 cache/48d25db1decf0557dba566994a514490.djcache
 create mode 100644 cache/49615506e30aed6f682e83a17519b1d2.djcache
 create mode 100644 cache/49a9978d46a718cc59178bf5f62d4099.djcache
 delete mode 100644 cache/49ad833d39a73df2d4701df106e3649c.djcache
 delete mode 100644 cache/49b0cf7d59ff9fcaa03917019bae12ec.djcache
 delete mode 100644 cache/4ab0d42a6d20aaf1bc86a30aaca052fa.djcache
 create mode 100644 cache/4b6f7d85694249566427c849dde99c60.djcache
 create mode 100644 cache/4bd2cdd9bf22ab8e8e099961753dcbd5.djcache
 create mode 100644 cache/4c8a1181ba8c086803eba9fb00646fea.djcache
 create mode 100644 cache/4ccb0dbf731b97a85923dbc664c8927f.djcache
 create mode 100644 cache/4cd66b02679d818843a33403cab129e9.djcache
 create mode 100644 cache/4d091ab1f76dd4a38d668e3f620f855f.djcache
 create mode 100644 cache/4db5ac84d1bb692fee1490edfdaf62eb.djcache
 create mode 100644 cache/4e0453eaa2689836106f57c380790e4f.djcache
 delete mode 100644 cache/4e155f8eb2b5fd795283f3266650b89d.djcache
 create mode 100644 cache/4e8f60638a20e251a0c05777ee3e91f6.djcache
 create mode 100644 cache/4e96e7ddea809be1971dd2b5a387a617.djcache
 delete mode 100644 cache/4eed9c162044d69ef678c78f82e8f928.djcache
 delete mode 100644 cache/4f679a89a2c11275956399c73e43dfd6.djcache
 create mode 100644 cache/50b3ea138a3e48d3579fa90721f950eb.djcache
 delete mode 100644 cache/50c9bc571d3ad55dbf129a784a6e2b46.djcache
 delete mode 100644 cache/522fa664a2535fe5e6c61b86a30a2e43.djcache
 create mode 100644 cache/528e0a3b7ea9f69d1f2c44ade839bacd.djcache
 create mode 100644 cache/529b369d8b11e4e14da1e7dffbd76c94.djcache
 create mode 100644 cache/54519324d9881d5a0e7e111fb3b91a4a.djcache
 create mode 100644 cache/5517f5aecf9f3de40ee186d1ed864b3a.djcache
 delete mode 100644 cache/5532aa29d2e0087e8fec90f26c721d8d.djcache
 delete mode 100644 cache/56a0036200af5a07e77e2933f3eedb57.djcache
 delete mode 100644 cache/56b21373b9115e47e04c4ab4ddc7b941.djcache
 create mode 100644 cache/58663c33a2d05469ec8a7586b083c74f.djcache
 create mode 100644 cache/58ae9f1ab1acc8e8cef210954b1919cc.djcache
 delete mode 100644 cache/58cb200490df73082a152f69af20fab0.djcache
 create mode 100644 cache/5bb7f7dfa1122aff6a4ed08ec28e0ffe.djcache
 delete mode 100644 cache/5bc6dbb222a4dec458f156a923061c97.djcache
 delete mode 100644 cache/5d0a7da5b28464a319919e6f6b2f87ff.djcache
 delete mode 100644 cache/5d150a2adcd46c5d0a96debc04245837.djcache
 create mode 100644 cache/5d5e39b13c1025897849f8d19eebcdad.djcache
 create mode 100644 cache/5d9e75006ce5d3090320f89a56533524.djcache
 create mode 100644 cache/5da496a2cd21418bd5e129b7d2cfabe2.djcache
 delete mode 100644 cache/5e7c7c15516f037633a64400e8eaf087.djcache
 delete mode 100644 cache/5eae5a2ea4ba9c76a6fd68140fd2e1aa.djcache
 create mode 100644 cache/5eaea32fd9e700135ed04b618476534e.djcache
 create mode 100644 cache/5ee3e55fca10a5cb787bc18c5e295d4e.djcache
 delete mode 100644 cache/5eeb7993860b24672499828ccf5b5f4d.djcache
 create mode 100644 cache/5f43e2b8ddf16e81cb72fd4f570e1982.djcache
 delete mode 100644 cache/5f5ab26d97f9233a5d4fd005e3098784.djcache
 delete mode 100644 cache/61a371ed2d5f309a871c34bad529b2e8.djcache
 create mode 100644 cache/61b5a3d204ce14d6cf89afa468572c43.djcache
 delete mode 100644 cache/634035ca0f34ce06af4a6a58ac0a327d.djcache
 create mode 100644 cache/639b36dbd7a78d3728d215fd56559c20.djcache
 create mode 100644 cache/63fd566930fb4edbde3f7474761e13a3.djcache
 delete mode 100644 cache/64aa0a061bd9f60fec7c7f874204babb.djcache
 delete mode 100644 cache/65d0a6dd24e960ecda82ced3b1176b71.djcache
 delete mode 100644 cache/662816ef7e50bbabb4aa68005bc17aa0.djcache
 create mode 100644 cache/67b66cd91bfd7d358640a865513fed4e.djcache
 delete mode 100644 cache/6981dca0d8381d26973ba6a02516d7e8.djcache
 create mode 100644 cache/6b1f7633d1b80cebde2f855fc5773d10.djcache
 create mode 100644 cache/6b61161f4a02d69053906fc0201cee5f.djcache
 create mode 100644 cache/6c5da6d28b6a23204e15457364252a12.djcache
 delete mode 100644 cache/6d15a95c418e03e0a081fce9c9b46125.djcache
 delete mode 100644 cache/6db5fd0d6c255d6c9382cb36c26f8eb9.djcache
 delete mode 100644 cache/6ded2386475712d889efc177c45e8a47.djcache
 delete mode 100644 cache/6e041cfa3d0c3c6399e6dec142ddb613.djcache
 delete mode 100644 cache/6e43630b66019c2bd600bdf524b63b0a.djcache
 delete mode 100644 cache/6f12ed8b9424b89434ffb83cad760a80.djcache
 delete mode 100644 cache/703afd6ff0e6c27c30fc026e4f2d0969.djcache
 create mode 100644 cache/707c776ac872e7bcb0a5c66674611fd6.djcache
 create mode 100644 cache/70fa34c3b98622eb30872ce433ce1f9a.djcache
 delete mode 100644 cache/713c5f9b67bb5be4b305257c660018f9.djcache
 delete mode 100644 cache/71f6c4d6bb10ab93f8167f01be225e8e.djcache
 delete mode 100644 cache/72401f3dcf7a5709012646ecfb8a7e2d.djcache
 create mode 100644 cache/7295a20235efd07aaa30ee3202ff7d94.djcache
 delete mode 100644 cache/72fc43b98af246c49ee380ec7e36f0a5.djcache
 delete mode 100644 cache/73bb5450eb6a2eb4acc147e26849a58b.djcache
 create mode 100644 cache/753fd3448d14cf66d3b08db5c197ac48.djcache
 create mode 100644 cache/761300a19cb9fb01cd33a332541849fc.djcache
 create mode 100644 cache/7641257c19735795fbd7a7bb1dc1d612.djcache
 create mode 100644 cache/76fc7510647a2c279d4ff7a3257a7ec0.djcache
 create mode 100644 cache/7787d721d0f555c5b8c6487d54228f5f.djcache
 create mode 100644 cache/78dd67aa1642d9f1b615690519a56e05.djcache
 delete mode 100644 cache/78e3640b9a6f8311fb0cdf8d809300a0.djcache
 delete mode 100644 cache/7acb6c49b773f696c164a9147c68938a.djcache
 create mode 100644 cache/7bbf089439ce77e91b52785d6ebc8b41.djcache
 delete mode 100644 cache/7c882626ba012c0ae11aabd05b7f2fa2.djcache
 create mode 100644 cache/7cb9ee3a3dbbed97ced1dcdb02fc4f98.djcache
 create mode 100644 cache/7cea2f9215bb969f1f87b662b1609043.djcache
 create mode 100644 cache/7d4a51d666aa66e121ee9ad915eda48a.djcache
 create mode 100644 cache/7e660fe50d911a3ed5e265b8e6d8065d.djcache
 create mode 100644 cache/7e7390219ade368a70551fc4dc7f5bc2.djcache
 delete mode 100644 cache/7e7dd828bd2857f75c4bdd855a9e95ee.djcache
 create mode 100644 cache/7e956230a2083174a5e740c2d87d3a5b.djcache
 delete mode 100644 cache/7ed6b496dab6376d280b051a122429b3.djcache
 delete mode 100644 cache/7fc2be4c7f8da2538392284ef120292f.djcache
 create mode 100644 cache/81587f0f00f547306176c109348a3726.djcache
 create mode 100644 cache/822d53c91392f5381d3ee9fdbc550346.djcache
 create mode 100644 cache/839d30a762a5b69ea8340d14e1e55c72.djcache
 create mode 100644 cache/83c974d2be987d535e1d4c0f360132d5.djcache
 delete mode 100644 cache/84b952db1b87bb109d7daf7287787c40.djcache
 delete mode 100644 cache/85506a53293a7240f22effbcc38baff0.djcache
 create mode 100644 cache/865447fae6348c7528a5e1b335cce282.djcache
 delete mode 100644 cache/8694802f7799a8ca5acc3b40569d0d54.djcache
 delete mode 100644 cache/869fb4a976d3287490cca715b354bac6.djcache
 create mode 100644 cache/86af09b0feb79c598f9cf79c8ec6b393.djcache
 create mode 100644 cache/870c75ad99fcb598fc1bce9091662dc9.djcache
 delete mode 100644 cache/89085be29030647587f548c5e23bcfce.djcache
 delete mode 100644 cache/8959be7e207238fb301f2b17c0ea5cc8.djcache
 delete mode 100644 cache/89cc814e8290b4b714c7bb35677feb33.djcache
 create mode 100644 cache/89ed726eac679ddfb70b36f644e23045.djcache
 delete mode 100644 cache/8a0ba79774870266cef2002b456fc657.djcache
 create mode 100644 cache/8a4be583ee2feb19262048c02ed462e0.djcache
 create mode 100644 cache/8a8e1a7dc1e43c25f9dece29c5c6b14f.djcache
 delete mode 100644 cache/8aaf8b46f1152797caf66c9d3d050961.djcache
 create mode 100644 cache/8c15413e83e24377e6dccc7eeab61ab3.djcache
 create mode 100644 cache/8c26b2a570ede14c9584764b798b1396.djcache
 delete mode 100644 cache/8c44b8fdbee9d801d642e577617cf1c3.djcache
 delete mode 100644 cache/8e270e2d75b11eaa415b597f7902ddc9.djcache
 create mode 100644 cache/8e5b825f653ee1d8c0faf56813227720.djcache
 create mode 100644 cache/8ef12c219dccb74cda7e6fdbc37471e8.djcache
 create mode 100644 cache/8f4c1e31ad029111303a47f99f5e14e0.djcache
 create mode 100644 cache/920cf469299556e57e7a65a0aff6df3d.djcache
 create mode 100644 cache/92abb9f9a2c7ba16333e2cfc5cebf045.djcache
 delete mode 100644 cache/938a7680c751992030879081e3f5a8fa.djcache
 delete mode 100644 cache/9419d2c18d6be40ae9a77c713e3912cb.djcache
 delete mode 100644 cache/9446ff75f8460cf273660e5d25a0cce3.djcache
 create mode 100644 cache/9505b9946bbd3fdacd318cf244afb679.djcache
 create mode 100644 cache/951eea671ad2420fe1bed28d61e492a4.djcache
 create mode 100644 cache/9575ca4361c462e0691e626dbdd209f1.djcache
 delete mode 100644 cache/960a916866bcf54f73ed5b16b37956bd.djcache
 create mode 100644 cache/986a2481285651daa731130f346d48cf.djcache
 create mode 100644 cache/989a769f9586c2117cd1b28959e98f7a.djcache
 delete mode 100644 cache/98ffb49f7f7cf2dcbfdf61f4767fda15.djcache
 delete mode 100644 cache/994016eeca3e0eb69fd69be0430b3f2c.djcache
 delete mode 100644 cache/9bc6b7b1e6f7116e70ed206378ab452e.djcache
 delete mode 100644 cache/9cad7b489e92b376d5aa633c45fc3c31.djcache
 delete mode 100644 cache/9d97db0b4ab38d5aef8bbcdbffee80a3.djcache
 create mode 100644 cache/9debf25dabfe353ceba088f95fe3aad8.djcache
 create mode 100644 cache/9e45b8b2197472647fc0eb6024e7429f.djcache
 delete mode 100644 cache/9e49de0839f4571ba488568a2b94e225.djcache
 delete mode 100644 cache/9eca52df4f4a397d1756f7415c56ae6a.djcache
 delete mode 100644 cache/9ef73141a5dec73d21d6dea8f13eeca5.djcache
 create mode 100644 cache/9f3e6451ba3ca9480dcf55cd4b6f18d7.djcache
 create mode 100644 cache/9f4f99657b1c10d08e92519d14663e13.djcache
 create mode 100644 cache/9f9bdd6f703d9d486e7ccfb880c9a857.djcache
 create mode 100644 cache/9f9e14fa5205791d471a9486bff359fb.djcache
 delete mode 100644 cache/9fc1401b4f0dfd43106bc34a4d926d43.djcache
 create mode 100644 cache/a01d41b22f2a4b5423115185e1b75d00.djcache
 create mode 100644 cache/a0c72d3af6996e3345aa03cae3c5168a.djcache
 create mode 100644 cache/a0e289d009523ef8b131215716334985.djcache
 create mode 100644 cache/a12a7ea63f56a45afdc7b3bcc837ed7e.djcache
 create mode 100644 cache/a13d7ff43cedf07fcecde20ccd5620fb.djcache
 create mode 100644 cache/a1ea3880a54ec7d279bfc5f11bc1f4ed.djcache
 create mode 100644 cache/a1eed4229068b5d7984c43071492fc2e.djcache
 delete mode 100644 cache/a23c796cb1be1dc4a849dde1daefaff2.djcache
 delete mode 100644 cache/a2ed28d46c7316bec8db39f971fa429c.djcache
 delete mode 100644 cache/a3b3724ca5fd74c77581003043925bfe.djcache
 create mode 100644 cache/a412557eee011502a88286898bcce312.djcache
 delete mode 100644 cache/a45b517dcde6a02544629b44c144c4de.djcache
 delete mode 100644 cache/a50447c5dff88daecd35c943fc800533.djcache
 create mode 100644 cache/a5148363faeb9a4b34e0f2e669e83863.djcache
 create mode 100644 cache/a56432bbe4d667037252d6ec6109626a.djcache
 create mode 100644 cache/a5ed3cef5c937e2908ec96e7f7dd08c4.djcache
 delete mode 100644 cache/a68c8991e28593b66c844c6878a960ee.djcache
 delete mode 100644 cache/a6dcf67bae79b2a2348ccc468eef40b4.djcache
 delete mode 100644 cache/a6e5c00b2b30f700cfc829b14144021c.djcache
 delete mode 100644 cache/a711f9fda037bc8df62dbd983e5b18e7.djcache
 delete mode 100644 cache/a84c6c07ec7c15f031011ed382612e59.djcache
 create mode 100644 cache/a9adf79af4bb0d520a019b6be2274aec.djcache
 create mode 100644 cache/aa2b472464027b9c3ca0aa77fbe795da.djcache
 create mode 100644 cache/aa9b1b7b955118389a1a7394ab4af02a.djcache
 delete mode 100644 cache/aab23f3952ef12d0594e60ad03fe672b.djcache
 create mode 100644 cache/ab9413fc1f382c3e7302c53ac50d7103.djcache
 delete mode 100644 cache/ac3ef8bb41c786be7c819a8293d6dc96.djcache
 delete mode 100644 cache/ad054c5be398c527d59a837d6807a029.djcache
 create mode 100644 cache/ad353d7255356990ee650bedc1efe01d.djcache
 create mode 100644 cache/ad39048b53cb709e0f4a7f5675d61eaf.djcache
 create mode 100644 cache/ad7a122fc577ad93c32a1a476d53fba7.djcache
 delete mode 100644 cache/adcd5fd613bfc3c9e663ce851dfd5502.djcache
 create mode 100644 cache/ae284aa2e638bde300e49eb586255753.djcache
 create mode 100644 cache/ae37beb86ad008d5a20615311946d23d.djcache
 delete mode 100644 cache/b00daa82bee9ef290eebfb809aeae483.djcache
 create mode 100644 cache/b01811dff947383b5784fd2a113e9ac4.djcache
 create mode 100644 cache/b0e166fffad334321386aba86a330e5b.djcache
 delete mode 100644 cache/b37290a6b52c9baf1314df2ebf340929.djcache
 delete mode 100644 cache/b3b82a62d91c31026d9e4b4f67f1f382.djcache
 delete mode 100644 cache/b3c0d3597e8ff27532b1238f6c6ba2ad.djcache
 delete mode 100644 cache/b488b31753e3d152b85c46874b90df2e.djcache
 delete mode 100644 cache/b52d22e3ac9ba8df8074bb0031fc73e1.djcache
 delete mode 100644 cache/b57b0b8484d6e55831e1aa2c18d06195.djcache
 delete mode 100644 cache/b5d951998f196130ac9d42c50b975a38.djcache
 create mode 100644 cache/b623e4fd0865cbb52dcf323a64f88ba7.djcache
 create mode 100644 cache/b62735991f2bf07de8ff9bb1066438a5.djcache
 create mode 100644 cache/b631049742a2305d6402d8fb7c2a6cc9.djcache
 delete mode 100644 cache/b67df1a07b3eba21a1b123756af52991.djcache
 create mode 100644 cache/b68727a7e4eabbec7335ce04994265c7.djcache
 delete mode 100644 cache/b772f430586b9ebac0d7ddb09e0822b7.djcache
 create mode 100644 cache/b8076ed3067bc9c81f3b406c72cad8e1.djcache
 delete mode 100644 cache/b8b61c5c4a4eca7c2aa13d122e923320.djcache
 delete mode 100644 cache/b963e2942a0ad4bea72a5d174000753d.djcache
 delete mode 100644 cache/b9809d1ea92854572d933187dc23b418.djcache
 create mode 100644 cache/ba56dc1e8b2c946d27217ba54ec233dc.djcache
 delete mode 100644 cache/bacabf8e760898164e9bf2d520444ae2.djcache
 create mode 100644 cache/bb16852441a9be3e2700d6b5d13dc1ad.djcache
 create mode 100644 cache/bb1d48f8b4166d43b198d13c32faa891.djcache
 create mode 100644 cache/bb88a0c6bdc92838189206eb1e63a498.djcache
 delete mode 100644 cache/bbe5da967829f0588c4388edb020e9dd.djcache
 delete mode 100644 cache/bc313907f61f20681b6da59df1b3886b.djcache
 create mode 100644 cache/bc60578356b33626ca65ca6cf1dcc13b.djcache
 create mode 100644 cache/bcbc4309bedca14a70a706b31d663e2f.djcache
 create mode 100644 cache/bde216dac21bbb55ca521270aaefdabf.djcache
 delete mode 100644 cache/be2836514bc4a8abe2b5c5058da4a91a.djcache
 create mode 100644 cache/be475b27c0d1561765b1182a240c2889.djcache
 create mode 100644 cache/be6f500a89d447abff3e3c4e7de1b3a7.djcache
 create mode 100644 cache/be78a993edd22e0220c284f7a83caa71.djcache
 delete mode 100644 cache/be7d70ee3289912aba034acf31fb65ba.djcache
 delete mode 100644 cache/bf06e4cebce5053fad4b3aba44214d94.djcache
 create mode 100644 cache/c0030dac5e0e5d70408d75ba31762f52.djcache
 create mode 100644 cache/c0dce3c31fa49fd752d1d70d09d1c900.djcache
 create mode 100644 cache/c17025134c77a959e20c6d84eb9c8abb.djcache
 delete mode 100644 cache/c1779134c5339b81cf42e5d715b1543a.djcache
 delete mode 100644 cache/c1fb744e34c45d68eb56a45cafdf6278.djcache
 delete mode 100644 cache/c316f08c6fbf7139e510b86d82e0df84.djcache
 create mode 100644 cache/c35f70eff29883fb3da0d69a3eb56536.djcache
 create mode 100644 cache/c3b6bf28ff187c75c41e538d2a52c0aa.djcache
 delete mode 100644 cache/c3bb96ab3684e102826e2366b546918e.djcache
 create mode 100644 cache/c3f518e344fe5d3ed14eee818445227a.djcache
 delete mode 100644 cache/c4540a0e150ac34ba6d4af04c7aad62f.djcache
 create mode 100644 cache/c4b1d537fd36ca7d5cae36d8d92de1ba.djcache
 delete mode 100644 cache/c500d030aafe22c03f0f8968c3e45589.djcache
 delete mode 100644 cache/c51c4254a0bf1f08968561d94a89e28f.djcache
 create mode 100644 cache/c51dff3170352943c6e075fb0a765b5a.djcache
 create mode 100644 cache/c583a38619bb92fbbd2be369a0cdf7c4.djcache
 create mode 100644 cache/c69ffef004b3f42d35cbd7003683fb21.djcache
 create mode 100644 cache/c719c42b06af108e9ff5dab51cae74f6.djcache
 create mode 100644 cache/c7c1088637be796dee2c64b6e583080f.djcache
 create mode 100644 cache/c8777c4177f178e8f0c8805af8850523.djcache
 create mode 100644 cache/c90674b50f031b8543ea203c9a47b518.djcache
 delete mode 100644 cache/c95d7617a82fd2dedba02ac0abbaa34b.djcache
 create mode 100644 cache/c9e4a571a27a702e5ca322b9117ea153.djcache
 delete mode 100644 cache/caa75ad9f8e0cbdd0e2f05771e175e90.djcache
 create mode 100644 cache/cc17f93a13adfbbd66afedb5ea01236b.djcache
 delete mode 100644 cache/cd33a1f6641dad7c27338d8d00c5f883.djcache
 create mode 100644 cache/cde3f3c2d6d4ea494a7b1c1da3da6744.djcache
 create mode 100644 cache/cdf121d7e3778c7e70d6b214bd378a6b.djcache
 create mode 100644 cache/d03675f3e1eec95f8f3846b637831170.djcache
 delete mode 100644 cache/d0f874ebd1a8090042a87d68c2526c96.djcache
 delete mode 100644 cache/d16d78c5e8933e8756d2602a882ea91c.djcache
 delete mode 100644 cache/d2b6a9732ec2511080d3bc3e5c3b8fb7.djcache
 create mode 100644 cache/d2e96121a8e716898bd5f2ef0b026b13.djcache
 create mode 100644 cache/d3b5daebc8ca6e19c0e00e404689b58c.djcache
 delete mode 100644 cache/d3d9438e1febd02b053f1a2a8fad7099.djcache
 create mode 100644 cache/d420dba638b0882f9d90813f6662a35c.djcache
 delete mode 100644 cache/d4de2063b3de4be1f95b9409937d9a4c.djcache
 create mode 100644 cache/d4eb475c1ec74417f6da6f1229473ccf.djcache
 delete mode 100644 cache/d51ba2f1d468777475c1e1b8b3c54f1f.djcache
 delete mode 100644 cache/d5e06e1b8dddd57b977bb7f360abaa70.djcache
 create mode 100644 cache/d6a8318d28d1e0268511261c312f915e.djcache
 create mode 100644 cache/d7488fc50f0fcefa66aa9fba1e2a2061.djcache
 create mode 100644 cache/d76544e54ba14177f014b01617b09a2d.djcache
 create mode 100644 cache/d97b189a41b6f951a8fcf9efb8b4e339.djcache
 create mode 100644 cache/dacb864e3c0a33fe8d2f06e78c2a32cf.djcache
 delete mode 100644 cache/dacf18e61ae9abf068d6012741519710.djcache
 create mode 100644 cache/dbbb08411d966b555348b4cd308e5d69.djcache
 create mode 100644 cache/dd46240f2d339ca8fc20f0f70515eaf5.djcache
 create mode 100644 cache/dd55cfe5f0cbd22cdc3e817dd2346bac.djcache
 create mode 100644 cache/dd694f0b287e8f7c5fab6512a1848033.djcache
 delete mode 100644 cache/dd99c28e56b14163dad59778123a3c99.djcache
 create mode 100644 cache/df9476de7412f10dc742516c747a6b15.djcache
 delete mode 100644 cache/dfc0ed860d32b0f0549dfea83043c5ed.djcache
 create mode 100644 cache/dffd44002369737971a7c1357ea0a98b.djcache
 create mode 100644 cache/e02a7527481a5c888a455b3b0dff68fc.djcache
 delete mode 100644 cache/e07d012d0eeb5ff9eceb209825c635dc.djcache
 delete mode 100644 cache/e0dd1b58b3428b1c878259dc0c04695a.djcache
 create mode 100644 cache/e0e3905cef76fcada4210996b924a284.djcache
 delete mode 100644 cache/e117cafb872efc1e49229372c310a88a.djcache
 create mode 100644 cache/e1777a5e442c6b83a551cd434ec94931.djcache
 create mode 100644 cache/e1cfa97d6a5dbd6b671a1d152930c0fb.djcache
 create mode 100644 cache/e2422d3efe2f30fe4535de37e2220f37.djcache
 create mode 100644 cache/e339ec9b5a79f530cc25acafde0c4905.djcache
 delete mode 100644 cache/e3e6991fcca86cd18161fbde23911222.djcache
 delete mode 100644 cache/e49ba413460351f37d841348e3ecaa90.djcache
 delete mode 100644 cache/e4ad4364eaddfa69531e66938d2069da.djcache
 delete mode 100644 cache/e4b5f8335f73c32d846a3ec5f8282218.djcache
 create mode 100644 cache/e4cd32ffe185159a3a5ea8abc2d225fd.djcache
 create mode 100644 cache/e56a860d6bd4a9d52bfb32995bc7f83c.djcache
 delete mode 100644 cache/e5cade218ff8167f41e5a2134a59d22f.djcache
 delete mode 100644 cache/e74879d658583f4058d8b825eb9cc6c5.djcache
 create mode 100644 cache/e74d078244fe6b1d50551c990b4cb685.djcache
 create mode 100644 cache/e7d4a4ed90e579bc7f9365aec416609b.djcache
 create mode 100644 cache/e92ee323a99e0120a46eb6577e5e0e0e.djcache
 create mode 100644 cache/e9db56ea9165dff0eac788a6d8e05a47.djcache
 create mode 100644 cache/e9eb9c6d6b2e5ddd4708be8323195a8f.djcache
 delete mode 100644 cache/ea20fed276b90a1786dafaa84cf3a335.djcache
 create mode 100644 cache/ea7f6f0339c83cd8c1c8edfe237fb454.djcache
 delete mode 100644 cache/ea8879492595f9e1413bbe1a42c8892a.djcache
 create mode 100644 cache/ead26b49bbb57d93dfa9cbd87d5d7a4f.djcache
 create mode 100644 cache/eba25d8d151dedeaac9d31ddd01edab2.djcache
 create mode 100644 cache/ebec1ece9b50fa6fc0a7401d67988ce6.djcache
 create mode 100644 cache/ed45f343fc50b06534f20412395fbac4.djcache
 create mode 100644 cache/ef3b30f4392c7bfc3811aebed656f7ca.djcache
 delete mode 100644 cache/f176c4686ca2dff68aefa581bbe91f16.djcache
 create mode 100644 cache/f21919b7cbccca5fa556cbc0d6e4c35c.djcache
 delete mode 100644 cache/f316e97510e49edfbed7d941a2d8b016.djcache
 delete mode 100644 cache/f47b14723b1cb2678bfd8599b49b219b.djcache
 create mode 100644 cache/f5865c8b12c434e3ed3d561215cf4116.djcache
 delete mode 100644 cache/f6166aa9772b67effb7008d64c50c011.djcache
 delete mode 100644 cache/f68d9ac551d44741e121293af18b0a34.djcache
 create mode 100644 cache/f7f21468e2c436f0452676db8212276e.djcache
 create mode 100644 cache/f85147c9827eaa8663178e1be7ddbf16.djcache
 create mode 100644 cache/f9255f8e65f01ee3c0582b6626fb874c.djcache
 delete mode 100644 cache/fa4522420d86d6e5be56c786e07d702d.djcache
 create mode 100644 cache/fac6621c696c6e5e98d702ecc94ec250.djcache
 create mode 100644 cache/fba465aa1f8431de7da5afc28c7d0bc0.djcache
 create mode 100644 cache/fbc4fa7fd6995833df3468f217048ce0.djcache
 delete mode 100644 cache/fc193bd9fcf17b51e1d71acb20dee531.djcache
 delete mode 100644 cache/fcb08d60b04f4632dc9f4f90ba0df1a2.djcache
 delete mode 100644 cache/fcf897c835cc55fa506fe1ecbb5f3903.djcache
 create mode 100644 cache/fdb75db055921658c4808ef69fd721f4.djcache
 create mode 100644 cache/fde4800164561f39cf1e0004ce2989ff.djcache
 delete mode 100644 cache/fde6632437ce6b91127459cfe27045f4.djcache
 create mode 100644 cache/fdf9c9f379cb63c227738e8bdf6b3687.djcache
 create mode 100644 cache/fe5b8e38dbf3d816395a0cf93bd3f9f8.djcache
 create mode 100644 cache/fec70f3ac6569aa8130a9db4a6f29de0.djcache
 create mode 100644 cache/ff8b0d230675ba8979c803362b6f197d.djcache
 create mode 100644 media/audio/fingerprints/00ae872a-b116-4e7e-8e60-2cbfe437e411.npy
 create mode 100644 media/audio/fingerprints/07a935e1-9468-48a4-a89b-a6dd5f5f80cd.npy
 create mode 100644 media/audio/fingerprints/0f737d66-8c89-4a02-b4d3-6397eb874d85.npy
 create mode 100644 media/audio/fingerprints/18284b69-f0b4-4b14-971e-247990145b26.npy
 create mode 100644 media/audio/fingerprints/1dac4671-963f-436c-be3e-5a53dcba5084.npy
 create mode 100644 media/audio/fingerprints/1e89be3f-7ac8-4721-901c-7fbf6498011e.npy
 create mode 100644 media/audio/fingerprints/1f3af70d-ef32-4f3c-90a6-ba92627eb3de.npy
 create mode 100644 media/audio/fingerprints/221a0ae8-fb36-4712-bada-ba0741ae7068.npy
 create mode 100644 media/audio/fingerprints/2e0098d4-6e67-4d81-9a58-1e6b8c17ce1c.npy
 create mode 100644 media/audio/fingerprints/3034533c-b0f2-4c1f-95f9-e7235a5e35bb.npy
 create mode 100644 media/audio/fingerprints/34bb2e56-5973-4618-9a95-bb1f10f23cf2.npy
 create mode 100644 media/audio/fingerprints/387eaf2c-3049-49a0-bf83-4d02a590b499.npy
 create mode 100644 media/audio/fingerprints/496b0fc2-0662-45e3-9c3d-035cb4ff8baf.npy
 create mode 100644 media/audio/fingerprints/4de09322-8713-4425-86e5-4ad25d002577.npy
 create mode 100644 media/audio/fingerprints/4fc5196d-510c-432e-be5e-6c14074ffee8.npy
 create mode 100644 media/audio/fingerprints/507e737e-aea3-4a57-a270-eedfdb97215b.npy
 create mode 100644 media/audio/fingerprints/52ce2832-c801-4847-a8a3-81b30e38c2a4.npy
 create mode 100644 media/audio/fingerprints/555a97f2-1c23-432e-a01e-a17c38e8be91.npy
 create mode 100644 media/audio/fingerprints/59a78354-d06e-4ad7-9644-be8a6ff549cf.npy
 create mode 100644 media/audio/fingerprints/5ba5c78e-5440-444b-a292-533ca8ffb2f1.npy
 create mode 100644 media/audio/fingerprints/64bd1b29-34d0-4185-981b-07c7ce15bd34.npy
 create mode 100644 media/audio/fingerprints/68a40a78-7968-46b4-9cf9-72f6db17bcb7.npy
 create mode 100644 media/audio/fingerprints/6ec3185a-6779-4b4a-bebd-23aa53d852b7.npy
 create mode 100644 media/audio/fingerprints/6f291a0e-41a8-4bde-b711-3aae38f87a92.npy
 create mode 100644 media/audio/fingerprints/704e05c9-4f8d-46d5-97ba-57dc5fa40fb8.npy
 create mode 100644 media/audio/fingerprints/7c010291-6bea-41ca-b4d9-12dbc5f24979.npy
 create mode 100644 media/audio/fingerprints/81d7df2b-9dca-495b-b881-ce6247cec2d4.npy
 create mode 100644 media/audio/fingerprints/8c48ae5a-e837-4c90-b2e9-bd42fef60ffe.npy
 create mode 100644 media/audio/fingerprints/8cd11c2f-f167-4b84-9880-8f908693ca06.npy
 create mode 100644 media/audio/fingerprints/911a31ab-b67f-4eeb-aacc-312ed56dee11.npy
 create mode 100644 media/audio/fingerprints/93735da9-7e26-429c-9d5a-9f03c6811b92.npy
 create mode 100644 media/audio/fingerprints/97e00819-91ee-46a7-b441-fb504cfe7d08.npy
 create mode 100644 media/audio/fingerprints/a2f44a65-2265-408f-b465-9003423e75da.npy
 create mode 100644 media/audio/fingerprints/a330e779-acb0-4836-bcde-897df017a9b8.npy
 create mode 100644 media/audio/fingerprints/a416afd5-6a93-4451-a127-b7401f897bc1.npy
 create mode 100644 media/audio/fingerprints/b6c5b8ad-880b-46b6-b3d4-27536d7ffee4.npy
 create mode 100644 media/audio/fingerprints/c17ef3f2-c7f3-40dd-bcb0-eb49573ed544.npy
 create mode 100644 media/audio/fingerprints/c9f44272-0a7f-45bb-907a-6ad4097fcfe1.npy
 create mode 100644 media/audio/fingerprints/cddd67f0-6cbc-4fcc-a11c-12a4a2be1781.npy
 create mode 100644 media/audio/fingerprints/d9fd7a49-92b3-4f98-9594-2ea4de113b9c.npy
 create mode 100644 media/audio/fingerprints/dcd533eb-0e17-4aa0-9cc2-4afbc96189e1.npy
 create mode 100644 media/audio/fingerprints/e09906b3-320c-46c4-bdbc-a8d61aebe5c5.npy
 create mode 100644 media/audio/fingerprints/eb9851e5-6528-4032-9edb-2784153bf64c.npy
 create mode 100644 media/audio/fingerprints/eea90174-6a4f-47cf-9e3e-d18c181d642b.npy
 create mode 100644 media/audio/fingerprints/f15b5bb5-a25a-4249-b0fa-87281166d5b0.npy
 create mode 100644 media/audio/fingerprints/fd1ea786-528e-41d4-8cf1-df26f847023f.npy
 create mode 100644 media/audio/fingerprints/fde1a13a-7bc9-45dc-9013-9c91714e5e94.npy
branch 'main' set up to track 'originlab/main'.
sending incremental file list
./
.gitignore
