2024-12-15T18:27:06.857268-08:00 lotteh team: team [3795866]: cat security/risk.py 
2024-12-15T18:27:06.860996-08:00 lotteh team: team [3795865]: cat security/risk.py 
2024-12-15T18:27:06.888894-08:00 lotteh team: message repeated 3 times: [ team [3795865]: cat security/risk.py ]
2024-12-15T18:27:06.891689-08:00 lotteh team: team [3795891]: cat security/risk.py 
2024-12-15T18:27:06.918549-08:00 lotteh team: team [3795918]: cat security/risk.py 
2024-12-15T18:27:09.160132-08:00 lotteh team: team [3795891]: logs
2024-12-15T18:27:11.968386-08:00 lotteh team: team [3795891]: cmds
2024-12-15T18:27:13.990158-08:00 lotteh team: team [3795891]: cmds
2024-12-15T18:27:23.051636-08:00 lotteh team: team [3795891]: cmds
2024-12-15T18:27:32.163948-08:00 lotteh team: team [3795891]: cmds
2024-12-15T18:27:33.078632-08:00 lotteh team: team [3795891]: logs
2024-12-15T18:27:40.513393-08:00 lotteh team: team [3795891]: logs
2024-12-15T18:28:11.598960-08:00 lotteh team: team [3795891]: sudo ascript setup
2024-12-15T18:29:12.250096-08:00 lotteh team: team [3795918]: sudo nano /etc/pam.d/sshd
2024-12-15T18:29:47.881339-08:00 lotteh team: team [3795918]: sudo nano /etc/pam.d/sshd
2024-12-15T18:29:53.935346-08:00 lotteh team: team [3795918]: sudo ascript lockout
2024-12-15T18:30:00.301304-08:00 lotteh team: team [3795918]: logs
2024-12-15T18:30:19.223443-08:00 lotteh team: team [3795918]: sudo nano /etc/pam.d/sshd
2024-12-15T18:30:20.893232-08:00 lotteh team: team [3795918]: lockout
2024-12-15T18:30:27.134047-08:00 lotteh team: team [3795918]: sudo nano /etc/pam.d/sshd
2024-12-15T18:31:22.487385-08:00 lotteh team: team [3795891]: nano scripts/initialize 
2024-12-15T18:32:04.177241-08:00 lotteh team: team [3795918]: sudo nano /etc/pam.d/sshd
2024-12-15T18:32:05.046785-08:00 lotteh team: team [3795865]: venv
2024-12-15T18:32:07.517291-08:00 lotteh team: team [3819130]: exit 2
2024-12-15T18:32:09.502388-08:00 lotteh team: team [3795865]: venv
2024-12-15T18:32:11.564781-08:00 lotteh team: team [3795865]: venv
2024-12-15T18:32:15.763385-08:00 lotteh team: team [3795865]: venv
2024-12-15T18:32:23.011096-08:00 lotteh team: team [3795865]: sudo ascript lockout
2024-12-15T18:32:24.388435-08:00 lotteh team: team [3795865]: lockout
2024-12-15T18:32:50.487959-08:00 lotteh team: team [3795865]: sudo nano /etc/pam.d/sshd 
2024-12-15T18:33:05.183442-08:00 lotteh team: team [3795865]: nano pam.s
2024-12-15T18:33:07.147946-08:00 lotteh team: team [3795865]: nano pam.s
2024-12-15T18:33:09.221879-08:00 lotteh team: team [3823998]: exit 2
2024-12-15T18:33:18.591111-08:00 lotteh team: team [3823998]: nano pam.sh
2024-12-15T18:33:26.078644-08:00 lotteh team: team [3823998]: sudo ascript lockout
2024-12-15T18:34:10.103008-08:00 lotteh team: team [3795891]: nano scripts/initialize 
2024-12-15T18:34:20.882928-08:00 lotteh team: team [3823998]: sudo nano /etc/pam.d/sshd
2024-12-15T18:34:44.357867-08:00 lotteh team: team [3823998]: sudo nano /etc/pam.d/sshd
2024-12-15T18:37:02.959520-08:00 lotteh team: team [3823998]: sudo nano /usr/bin/lockout
2024-12-15T18:37:05.448023-08:00 lotteh team: team [3823998]: sudo nano /usr/bin/lockout
2024-12-15T18:37:14.055112-08:00 lotteh team: team [3823998]: sudo ascript lockout
2024-12-15T18:37:24.478603-08:00 lotteh team: team [3823998]: sudo ascript lockout
2024-12-15T18:37:38.022247-08:00 lotteh team: team [3823998]: sudo ascript lockout
2024-12-15T18:37:51.492723-08:00 lotteh team: team [3823998]: sudo ascript lockout
2024-12-15T18:37:59.169083-08:00 lotteh team: team [3823998]: sudo ascript lockout
2024-12-15T18:38:05.164744-08:00 lotteh team: team [3823998]: sudo ascript lockout
2024-12-15T18:38:12.540179-08:00 lotteh team: team [3823998]: echo '#!/usr/bin/bash\nexit 1' | sudo tee -a /usr/bin/lockout
2024-12-15T18:38:17.392977-08:00 lotteh team: team [3823998]: sudo ascript lockout
2024-12-15T18:38:18.237797-08:00 lotteh team: team [3823998]: echo '#!/usr/bin/bash\nexit 1' | sudo tee -a /usr/bin/lockout
2024-12-15T18:38:22.589168-08:00 lotteh team: team [3823998]: echo '#!/usr/bin/bash\\nexit 1' | sudo tee -a /usr/bin/lockout
2024-12-15T18:38:27.073538-08:00 lotteh team: team [3823998]: sudo ascript lockout
2024-12-15T18:38:28.098186-08:00 lotteh team: team [3823998]: echo '#!/usr/bin/bash\\nexit 1' | sudo tee -a /usr/bin/lockout
2024-12-15T18:38:53.728544-08:00 lotteh team: team [3823998]: sudo ascript lockout
2024-12-15T18:39:09.693465-08:00 lotteh team: team [3823998]: echo -e '#!/usr/bin/bash\nexit 1' | sudo tee -a /usr/bin/lockout
2024-12-15T18:39:14.769328-08:00 lotteh team: team [3823998]: sudo ascript lockout
2024-12-15T18:39:15.798296-08:00 lotteh team: team [3823998]: echo -e '#!/usr/bin/bash\nexit 1' | sudo tee -a /usr/bin/lockout
2024-12-15T18:42:01.365702-08:00 lotteh team: team [3795891]: nano scripts/initialize 
2024-12-15T18:42:26.985486-08:00 lotteh team: team [3795891]: python last_logins.py 
2024-12-15T18:42:34.615398-08:00 lotteh team: team [3795891]: python approve_login.py 1
2024-12-15T18:42:35.315548-08:00 lotteh team: team [3867415]: exit 2
2024-12-15T18:42:36.866361-08:00 lotteh team: team [3795891]: python approve_login.py 1
2024-12-15T18:42:38.782002-08:00 lotteh team: team [3795891]: python approve_login.py 1
2024-12-15T18:42:40.475351-08:00 lotteh team: team [3795891]: python approve_login.py 1
2024-12-15T18:42:41.971123-08:00 lotteh team: team [3867935]: exit 2
2024-12-15T18:42:45.668659-08:00 lotteh team: team [3868224]: exit 2
2024-12-15T18:42:47.531669-08:00 lotteh team: team [3868384]: exit 2
2024-12-15T18:42:48.983304-08:00 lotteh team: team [3868522]: exit 2
2024-12-15T18:42:50.581945-08:00 lotteh team: team [3868384]: logs
2024-12-15T18:42:51.871889-08:00 lotteh team: team [3868384]: cmds
2024-12-15T18:43:14.282728-08:00 lotteh team: team [3868522]: top
2024-12-15T18:43:21.722010-08:00 lotteh team: team [3871161]: exit 2
2024-12-15T18:43:23.729715-08:00 lotteh team: team [3868224]: vnev
2024-12-15T18:43:24.743090-08:00 lotteh team: team [3871433]: exit 2
2024-12-15T18:43:30.873640-08:00 lotteh team: team [3795891]: python last_logins.py 
2024-12-15T18:43:35.001727-08:00 lotteh team: team [3795891]: python last_logins.py 
2024-12-15T18:43:37.893817-08:00 lotteh team: team [3795891]: python last_logins.py 
2024-12-15T18:43:41.427079-08:00 lotteh team: team [3795891]: python approve_login.py 1
2024-12-15T18:43:45.765575-08:00 lotteh team: team [3873267]: exit 2
2024-12-15T18:43:45.779654-08:00 lotteh team: team [3873267]: exit 2
2024-12-15T18:43:52.521380-08:00 lotteh team: team [3867935]: compinfo
2024-12-15T18:43:53.490467-08:00 lotteh team: team [3867935]: logs
2024-12-15T18:43:54.734202-08:00 lotteh team: team [3867935]: logs
2024-12-15T18:43:55.333657-08:00 lotteh team: team [3867935]: cmds
2024-12-15T18:44:22.824347-08:00 lotteh team: team [3876214]: exit 2
2024-12-15T18:44:25.642912-08:00 lotteh team: team [3876446]: exit 2
2024-12-15T18:45:00.405146-08:00 lotteh team: team [3876214]: sudo ascript etup
2024-12-15T18:46:18.325749-08:00 lotteh team: team [3795891]: nano scripts/initi
2024-12-15T18:46:59.698615-08:00 lotteh team: team [3871433]: sudo nano /etc/pam.d/sshd
2024-12-15T18:47:09.444631-08:00 lotteh team: team [3823998]: echo -e '#!/usr/bin/bash\nexit 1' | sudo tee -a /usr/bin/lockout
2024-12-15T18:47:32.702034-08:00 lotteh team: team [3795891]: nano scripts/initialize 
2024-12-15T18:48:39.344330-08:00 lotteh team: team [3876214]: sudo ascript setup
2024-12-15T18:49:20.898479-08:00 lotteh team: team [3795891]: sudo backup nodb
2024-12-15T18:50:39.981930-08:00 lotteh team: team [3795891]: sudo ascript backup
2024-12-15T18:50:41.782743-08:00 lotteh team: team [3795891]: git remote -v
2024-12-15T18:50:55.294576-08:00 lotteh team: team [3795891]: sudo cat /root/.ssh/id_rsa.pub
2024-12-15T18:51:38.104827-08:00 lotteh team: team [3823998]: du -sh ../.
2024-12-15T18:51:40.497930-08:00 lotteh team: team [3823998]: du -sh ../
2024-12-15T18:51:44.789879-08:00 lotteh team: team [3823998]: du -sh ../*
2024-12-15T18:52:09.320689-08:00 lotteh team: team [3823998]: cat test.json
2024-12-15T18:52:13.880542-08:00 lotteh team: team [3823998]: cat ../test.json 
2024-12-15T18:52:15.598299-08:00 lotteh team: team [3795891]: sudo backup nodb
2024-12-15T18:52:16.867716-08:00 lotteh team: team [3823998]: cd
2024-12-15T18:52:19.632777-08:00 lotteh team: team [3823998]: rm test.json 
2024-12-15T18:52:20.258797-08:00 lotteh team: team [3823998]: ls
2024-12-15T18:52:25.547775-08:00 lotteh team: team [3823998]: df -h /
2024-12-15T18:52:27.646792-08:00 lotteh team: team [3823998]: df -h /
2024-12-15T18:52:32.095203-08:00 lotteh team: team [3823998]: dbinfo
2024-12-15T18:56:07.025321-08:00 lotteh team: team [3795891]: sudo backup nodb
2024-12-15T18:57:12.811043-08:00 lotteh team: team [3795891]: nano config/git 
2024-12-15T18:57:15.503122-08:00 lotteh team: team [3795891]: sudo rm -r .git
2024-12-15T19:01:55.235293-08:00 lotteh team: team [3795891]: sudo backup nodb
2024-12-15T19:02:57.125011-08:00 lotteh team: team [3795891]: cat scripts/initialize 
2024-12-15T19:03:17.638303-08:00 lotteh team: team [3795891]: nano scripts/initialize 
2024-12-15T19:04:12.565389-08:00 lotteh team: team [3795891]: nano scripts/setup
2024-12-15T19:04:14.337995-08:00 lotteh team: team [3795891]: nano scripts/setup
2024-12-15T19:04:16.175078-08:00 lotteh team: team [3795891]: ls db.json
2024-12-15T19:04:17.692987-08:00 lotteh team: team [3795891]: ls db.json
2024-12-15T19:04:19.652181-08:00 lotteh team: team [3795891]: ls db.json.*
2024-12-15T19:04:26.589994-08:00 lotteh team: team [3795891]: du -sh data
2024-12-15T19:06:02.547701-08:00 lotteh team: team [3876214]: sudo ascript setup
2024-12-15T19:06:12.062909-08:00 lotteh team: team [3876214]: nano scripts/patchvenv 
2024-12-15T19:06:21.618269-08:00 lotteh team: team [3876214]: nano scripts/patchvenv 
2024-12-15T19:06:42.776065-08:00 lotteh team: team [3876214]: sudo nano /etc/ascripts
2024-12-15T19:06:53.779640-08:00 lotteh team: team [3876214]: ls scripts
2024-12-15T19:07:16.768810-08:00 lotteh team: team [3876214]: rm scripts/setuo
2024-12-15T19:07:23.388996-08:00 lotteh team: team [3876214]: rm scripts/setu
2024-12-15T19:08:03.303177-08:00 lotteh team: team [3876214]: rm scripts/setu
2024-12-15T19:08:08.729739-08:00 lotteh team: team [3876214]: rm scripts/*ckup
2024-12-15T19:08:11.520869-08:00 lotteh team: team [3876214]: rm scripts/*up
2024-12-15T19:08:25.479442-08:00 lotteh team: team [3876214]: rm scripts/*upls scripts/*up
2024-12-15T19:08:36.462933-08:00 lotteh team: team [3876214]: ls scripts/setup
2024-12-15T19:08:48.037992-08:00 lotteh team: team [3795891]: sudo backup 
2024-12-15T19:08:48.156809-08:00 lotteh team: team [3795891]: sudo backup 
2024-12-15T19:09:00.052722-08:00 lotteh team: team [3871161]: logs
2024-12-15T19:09:05.619264-08:00 lotteh team: team [3876214]: dbinfo
2024-12-15T19:09:08.268368-08:00 lotteh team: team [3876214]: du -sh data/*
2024-12-15T19:09:22.575424-08:00 lotteh team: team [3823998]: dbinfo
2024-12-15T19:09:47.520644-08:00 lotteh team: team [3871161]: ls
2024-12-15T19:13:23.633770-08:00 lotteh team: team [3871433]: cat scripts/patchvenv
2024-12-15T19:13:25.618666-08:00 lotteh team: team [3871433]: cd
2024-12-15T19:13:29.186390-08:00 lotteh team: team [3871433]: cd lotteharper/
2024-12-15T19:13:33.187883-08:00 lotteh team: team [3871433]: ls scripts/*up
2024-12-15T19:14:01.329557-08:00 lotteh team: team [3871433]: cp scripts/backgroundbackup ../lotteh/scripts/
2024-12-15T19:14:18.061688-08:00 lotteh team: team [3871433]: cp scripts/postfixsetup ../lotteh/scripts/
2024-12-15T19:14:40.129540-08:00 lotteh team: team [3871161]: cat /usr/bin/postfixsetup
2024-12-15T19:14:48.994766-08:00 lotteh team: team [3871433]: cp scripts/postfixsetup ../lotteh/scripts/
2024-12-15T19:14:55.741011-08:00 lotteh team: team [3871433]: cp scripts/pgsetup ../lotteh/scripts/
2024-12-15T19:15:09.937815-08:00 lotteh team: team [3871433]: cp scripts/backgroundbackup ../lotteh/scripts/
2024-12-15T19:15:20.896201-08:00 lotteh team: team [3871433]: cp scripts/githubsetup ../lotteh/scripts/
2024-12-15T19:15:39.501644-08:00 lotteh team: team [3871161]: cat /usr/bin/postfixsetup
2024-12-15T19:16:14.854237-08:00 lotteh team: team [3795891]: sudo backup 
2024-12-15T19:16:37.718720-08:00 lotteh team: team [3871161]: sudo backup nodb
2024-12-15T19:16:43.421254-08:00 lotteh team: team [3795891]: du -sh data
2024-12-15T19:16:53.070222-08:00 lotteh team: team [3795891]: du -sh web/site
2024-12-15T19:17:25.979123-08:00 lotteh team: team [3795891]: cat config/git 
2024-12-15T19:17:32.161590-08:00 lotteh team: team [3795891]: cat scripts/initialize 
2024-12-15T19:21:58.353069-08:00 lotteh team: team [3795891]: sudo systemctl status celery
2024-12-15T19:22:00.695794-08:00 lotteh team: team [3795891]: sudo systemctl status redis
2024-12-15T19:22:02.529174-08:00 lotteh team: team [3795891]: sudo systemctl status redis
2024-12-15T19:22:03.375306-08:00 lotteh team: team [3795891]: sudo systemctl status redis
2024-12-15T19:22:04.348249-08:00 lotteh team: team [3795891]: sudo systemctl status redis
2024-12-15T19:22:05.006799-08:00 lotteh team: team [3795891]: sudo systemctl status redis
2024-12-15T19:22:05.575898-08:00 lotteh team: team [3795891]: sudo systemctl status redis
2024-12-15T19:22:06.243250-08:00 lotteh team: team [3795891]: sudo systemctl status redis
2024-12-15T19:22:06.763059-08:00 lotteh team: team [3795891]: sudo systemctl status redis
2024-12-15T19:22:07.452323-08:00 lotteh team: team [3795891]: sudo systemctl status redis
2024-12-15T19:22:08.105755-08:00 lotteh team: team [3795891]: sudo systemctl status redis
2024-12-15T19:22:08.862246-08:00 lotteh team: team [3795891]: sudo systemctl status redis
2024-12-15T19:22:09.578950-08:00 lotteh team: team [3795891]: sudo systemctl status redis
2024-12-15T19:22:10.391583-08:00 lotteh team: team [3795891]: sudo systemctl status redis
2024-12-15T19:22:12.684262-08:00 lotteh team: team [3795891]: sudo systemctl status redis
2024-12-15T19:23:23.186964-08:00 lotteh team: team [3795891]: celery -a lotteh inspect active
2024-12-15T19:23:28.919787-08:00 lotteh team: team [3795891]: python -m celery -a lotteh inspect active
2024-12-15T19:23:39.189196-08:00 lotteh team: team [3795891]: python -m celery -A lotteh inspect active
2024-12-15T19:24:28.731516-08:00 lotteh team: team [3795891]: sudo ascript inspecttask
2024-12-15T19:24:30.772709-08:00 lotteh team: team [3795891]: sudo ascript inspecttask
2024-12-15T19:24:35.235619-08:00 lotteh team: team [3795891]: inspecttask
2024-12-15T19:24:45.658482-08:00 lotteh team: team [3795891]: cat lotteh/celery.py | grep -nH upload_post
2024-12-15T19:25:02.475701-08:00 lotteh team: team [3795891]: nano lotteh/celery.py 
2024-12-15T19:25:33.178256-08:00 lotteh team: team [3795891]: nano feed/upload.py 
2024-12-15T19:26:06.112593-08:00 lotteh team: team [3795891]: nano lotteh/celery.py 
2024-12-15T19:26:11.705694-08:00 lotteh team: team [3795891]: cat lotteh/celery.py | grep -nH upload_post
2024-12-15T19:26:18.195478-08:00 lotteh team: team [3795891]: inspecttask
2024-12-15T19:26:45.196725-08:00 lotteh team: team [3795891]: redis-cli keys "celery*" | xargs redis-cli DEL
2024-12-15T19:26:52.944897-08:00 lotteh team: team [3795891]: sudo systemctl stop celery celerybeat &
2024-12-15T19:27:25.542103-08:00 lotteh team: team [3871161]: sudo systemctl status celery
2024-12-15T19:27:26.802934-08:00 lotteh team: team [3871161]: sudo systemctl status celery
2024-12-15T19:27:27.833181-08:00 lotteh team: team [3871161]: sudo systemctl status celery
2024-12-15T19:27:29.024667-08:00 lotteh team: team [3871161]: sudo systemctl status celery
2024-12-15T19:27:30.194837-08:00 lotteh team: team [3871161]: sudo systemctl status celery
2024-12-15T19:27:32.291939-08:00 lotteh team: team [3871161]: sudo systemctl status celery
2024-12-15T19:27:34.035048-08:00 lotteh team: team [3871161]: sudo systemctl status celery
2024-12-15T19:27:35.835492-08:00 lotteh team: team [3871161]: sudo systemctl status celery
2024-12-15T19:27:37.215084-08:00 lotteh team: team [3871161]: sudo systemctl status celery
2024-12-15T19:27:38.679236-08:00 lotteh team: team [3871161]: sudo systemctl status celery
2024-12-15T19:27:39.990936-08:00 lotteh team: team [3871161]: sudo systemctl status celery
2024-12-15T19:27:40.501192-08:00 lotteh team: team [3795891]: redis-cli keys "celery*" | xargs redis-cli DEL
2024-12-15T19:27:58.865953-08:00 lotteh team: team [3871161]: python upload_post.py 
2024-12-15T19:28:13.313875-08:00 lotteh team: team [3795891]: redis-cli keys "celery*" | xargs redis-cli DEL
2024-12-15T19:28:14.588460-08:00 lotteh team: team [3795891]: redis-cli keys "celery*" | xargs redis-cli DEL
2024-12-15T19:28:15.263341-08:00 lotteh team: team [3795891]: redis-cli keys "celery*" | xargs redis-cli DEL
2024-12-15T19:28:17.222777-08:00 lotteh team: team [3795891]: redis-cli keys "celery*" | xargs redis-cli DEL
2024-12-15T19:28:21.918059-08:00 lotteh team: team [3795891]: sudo systemctl start celery
2024-12-15T19:28:25.820207-08:00 lotteh team: team [3795891]: sudo systemctl start celery celerybeat
2024-12-15T19:28:34.761472-08:00 lotteh team: team [3871161]: sudo systemctl status celery
2024-12-15T19:32:21.506493-08:00 lotteh team: team [3795891]: cat lotteh/settings.py
2024-12-15T19:32:27.854156-08:00 lotteh team: team [3795891]: cat lotteh/settings.py | grep TFA
2024-12-15T19:32:31.838540-08:00 lotteh team: team [3795891]: cat lotteh/settings.py | grep TFA -nH
2024-12-15T19:33:00.258819-08:00 lotteh team: team [3795891]: nano lotteh/settings.py 
2024-12-15T19:33:02.167208-08:00 lotteh team: team [3795891]: sudo doreload
2024-12-15T19:33:07.524608-08:00 lotteh team: team [3795891]: sudo daphnereload
2024-12-15T19:34:13.895955-08:00 lotteh team: team [3795891]: sudo systemctl status apache2
2024-12-15T19:34:18.252272-08:00 lotteh team: team [3795891]: sudo systemctl status daphne
2024-12-15T19:36:58.337818-08:00 lotteh team: team [3795891]: sudo systemctl status daphne
2024-12-15T19:43:36.319691-08:00 lotteh team: team [4023832]: exit 2
2024-12-15T19:43:39.947273-08:00 lotteh team: team [4023832]: cat routine_filter
2024-12-15T19:45:02.467967-08:00 lotteh team: team [4023832]: nano lotteh/celery.py 
2024-12-15T19:45:26.489172-08:00 lotteh team: team [4023832]: sudo systemctl restart celery
2024-12-15T19:47:07.490019-08:00 lotteh team: team [4023832]: top
2024-12-15T19:47:11.683583-08:00 lotteh team: team [4023832]: sudo systemctl status redis
2024-12-15T19:47:13.474344-08:00 lotteh team: team [4023832]: sudo systemctl status redis
2024-12-15T19:47:14.001348-08:00 lotteh team: team [4023832]: sudo systemctl status redis
2024-12-15T19:47:14.380693-08:00 lotteh team: team [4023832]: sudo systemctl status redis
2024-12-15T21:18:06.587459-08:00 lotteh team: team [4023832]: compinfo
2024-12-15T21:18:41.410331-08:00 lotteh team: team [4023832]: nano approve_login.py 
2024-12-15T21:18:49.148556-08:00 lotteh team: team [4023832]: nano approve_login.py 
2024-12-15T21:19:06.164989-08:00 lotteh team: team [4023832]: nano last_logins.py 
2024-12-15T21:19:12.043695-08:00 lotteh team: team [4023832]: python last_logins.py 
2024-12-15T21:19:14.689206-08:00 lotteh team: team [4023832]: python last_logins.py 
2024-12-15T21:19:20.862036-08:00 lotteh team: team [4023832]: python approve_login.py 1
2024-12-15T21:19:28.096342-08:00 lotteh team: team [4023832]: nano last_logins.py 
2024-12-15T21:19:30.000415-08:00 lotteh team: team [4023832]: nano last_logins.py 
2024-12-15T21:21:17.666496-08:00 lotteh team: team [4023832]: nano approve_login.py 
2024-12-15T21:21:22.746962-08:00 lotteh team: team [4023832]: python approve_login.py 
2024-12-15T21:23:15.725713-08:00 lotteh team: team [4023832]: nano approve_login.py 
2024-12-15T21:23:18.316199-08:00 lotteh team: team [4023832]: python approve_login.py 
2024-12-15T21:23:21.957286-08:00 lotteh team: team [4023832]: python approve_login.py 1
2024-12-15T21:23:45.071657-08:00 lotteh team: team [4023832]: python approve_login.py 1
2024-12-15T21:23:57.216642-08:00 lotteh team: team [4023832]: nano ../.ssh/authorized_keys 
2024-12-15T21:24:07.345088-08:00 lotteh team: team [4023832]: sudo nano ../.ssh/authorized_keys 
2024-12-15T21:24:16.147483-08:00 lotteh team: team [4023832]: sudo nano ../.ssh/authorized_keys 
2024-12-15T21:24:20.201155-08:00 lotteh team: team [4023832]: python last_logins.py 
2024-12-15T21:24:28.442912-08:00 lotteh team: team [4023832]: python approve_login.py 0
2024-12-15T21:24:32.129831-08:00 lotteh team: team [4023832]: python approve_login.py 2
2024-12-15T21:24:35.143284-08:00 lotteh team: team [4023832]: python approve_login.py 1
2024-12-15T21:24:39.031117-08:00 lotteh team: team [4023832]: python approve_login.py 1
2024-12-15T21:24:59.443297-08:00 lotteh team: team [4023832]: nano approve_login.py 
2024-12-15T21:25:02.384999-08:00 lotteh team: team [4023832]: python approve_login.py 1
2024-12-15T21:25:21.379970-08:00 lotteh team: team [4023832]: nano approve_login.py 
2024-12-15T21:25:23.759645-08:00 lotteh team: team [4023832]: python approve_login.py 1
2024-12-15T21:25:26.722180-08:00 lotteh team: team [4023832]: python approve_login.py 2
2024-12-15T21:25:29.602974-08:00 lotteh team: team [4023832]: python approve_login.py 1
2024-12-15T21:25:29.752459-08:00 lotteh team: team [107293]: exit 2
2024-12-15T21:25:32.466002-08:00 lotteh team: team [4023832]: python approve_login.py 0
2024-12-15T21:25:35.435323-08:00 lotteh team: team [107293]: logout
2024-12-15T21:25:42.694759-08:00 lotteh team: team [4023832]: python approve_login.py 0
2024-12-15T21:25:45.383060-08:00 lotteh team: team [4023832]: python approve_login.py 2
2024-12-15T21:25:54.736344-08:00 lotteh team: team [4023832]: python last_logins.py 
2024-12-15T21:26:02.984619-08:00 lotteh team: team [4023832]: python deny_logins.py 
2024-12-15T21:26:16.129724-08:00 lotteh team: team [4023832]: python deny_logins.py 
2024-12-15T21:26:22.514632-08:00 lotteh team: team [4023832]: python last_logins.py 
2024-12-15T21:26:27.887683-08:00 lotteh team: team [4023832]: python approve_login.py 1
2024-12-15T21:26:37.218314-08:00 lotteh team: team [110260]: exit
2024-12-15T21:26:37.242613-08:00 lotteh team: team [110272]: exit
2024-12-15T21:26:41.062178-08:00 lotteh team: team [110272]: cleat
2024-12-15T21:26:42.139890-08:00 lotteh team: team [110272]: clear
2024-12-15T21:26:46.263470-08:00 lotteh team: team [3876214]: watch du -sh data/*
2024-12-15T21:26:47.211156-08:00 lotteh team: team [3871161]: compinfo
2024-12-15T21:26:54.838635-08:00 lotteh team: team [3795891]: compinfo
2024-12-15T21:26:56.211285-08:00 lotteh team: team [3795891]: compinfo
2024-12-15T21:26:57.678075-08:00 lotteh team: message repeated 16 times: [ team [3795891]: compinfo]
2024-12-15T21:26:58.318584-08:00 lotteh team: team [3795891]: compinfo
2024-12-15T21:26:59.658052-08:00 lotteh team: message repeated 33 times: [ team [3795891]: compinfo]
2024-12-15T21:38:49.255682-08:00 lotteh team: team [3871161]: nano remote/templates/remote/injection.html 
2024-12-15T21:38:52.364192-08:00 lotteh team: team [3871161]: sudo daphnereload
2024-12-15T21:40:27.831235-08:00 lotteh team: team [3871161]: nano remote/templates/remote/injection.html 
2024-12-15T21:40:29.241837-08:00 lotteh team: team [3871161]: sudo daphnereload
2024-12-15T21:41:35.768030-08:00 lotteh team: team [3871161]: nano remote/templates/remote/injection.html 
2024-12-15T21:42:02.159278-08:00 lotteh team: team [3871161]: nano remote/templates/remote/injection.html 
2024-12-15T21:42:07.099132-08:00 lotteh team: team [3871161]: sudo daphnereload
2024-12-15T21:42:14.690706-08:00 lotteh team: team [3871161]: watchlogs
2024-12-15T21:42:15.402874-08:00 lotteh team: team [3871161]: logs
2024-12-15T21:42:16.102287-08:00 lotteh team: team [3871161]: logs
2024-12-15T21:42:19.329035-08:00 lotteh team: team [3871161]: watchlogs
2024-12-15T21:42:20.003174-08:00 lotteh team: team [3871161]: logs
2024-12-15T21:42:20.864249-08:00 lotteh team: team [3871161]: logs
2024-12-15T21:42:21.705111-08:00 lotteh team: team [3871161]: logs
2024-12-15T21:42:22.714203-08:00 lotteh team: team [3871161]: logs
2024-12-15T21:42:23.823055-08:00 lotteh team: team [3871161]: logs
2024-12-15T21:45:10.882303-08:00 lotteh team: team [3871161]: nano remote/templates/remote/injection.html 
2024-12-15T21:45:13.760343-08:00 lotteh team: team [3871161]: sudo daphnereload
2024-12-15T21:45:39.945273-08:00 lotteh team: team [3871161]: watchlogs
2024-12-15T21:46:58.675560-08:00 lotteh team: team [3871161]: nano remote/templates/remote/injection.html 
2024-12-15T21:47:00.208216-08:00 lotteh team: team [3871161]: sudo daphnereload
2024-12-15T21:47:03.910325-08:00 lotteh team: team [3871161]: logs
2024-12-15T21:47:05.503596-08:00 lotteh team: team [3871161]: logs
2024-12-15T21:47:09.825082-08:00 lotteh team: team [3871161]: watchlogs
2024-12-15T21:47:12.031965-08:00 lotteh team: team [3871161]: logs
2024-12-15T21:47:13.713231-08:00 lotteh team: team [3871161]: logs
2024-12-15T21:47:15.113059-08:00 lotteh team: team [3871161]: logs
2024-12-15T21:47:16.360606-08:00 lotteh team: team [3871161]: logs
2024-12-15T21:47:17.429951-08:00 lotteh team: team [3871161]: logs
2024-12-15T21:49:17.758935-08:00 lotteh team: team [3871161]: nano remote/templates/remote/injection.html 
2024-12-15T21:49:21.803802-08:00 lotteh team: team [3871161]: sudo daphnereload
2024-12-15T21:49:26.315466-08:00 lotteh team: team [3871161]: logs
2024-12-15T21:49:26.985932-08:00 lotteh team: team [3871161]: logs
2024-12-15T21:49:39.588224-08:00 lotteh team: team [3871161]: watchlogs
2024-12-15T21:50:19.489876-08:00 lotteh team: team [3871161]: nano remote/templates/remote/injection.html 
2024-12-15T21:50:21.415145-08:00 lotteh team: team [3871161]: sudo daphnereload
2024-12-15T21:53:31.069559-08:00 lotteh team: team [159313]: exit
2024-12-15T21:53:32.318416-08:00 lotteh team: team [159364]: exit
2024-12-15T21:53:50.485136-08:00 lotteh team: team [159364]: cat templates/miner.html
2024-12-15T21:54:29.563293-08:00 lotteh team: team [159364]: cat lotteh/settings.py | grep MONERO
2024-12-15T21:54:49.313376-08:00 lotteh team: team [159364]: cat /etc/config.json | grep MONERO
2024-12-15T22:04:59.796883-08:00 lotteh team: team [3871161]: watchlogs
2024-12-15T22:05:34.730303-08:00 lotteh team: team [3871161]: nano remote/consumers.py 
2024-12-15T22:06:32.637926-08:00 lotteh team: team [3871161]: nano remote/views.py 
2024-12-15T22:11:46.974835-08:00 lotteh team: team [3871161]: nano remote/consumers.py 
2024-12-15T22:11:49.157346-08:00 lotteh team: team [3871161]: sudo daphnereload
2024-12-15T22:12:01.697636-08:00 lotteh team: team [159313]: venv
2024-12-15T22:19:57.401959-08:00 lotteh team: team [3871161]: nano remote/consumers.py 
2024-12-15T22:20:10.774287-08:00 lotteh team: team [3871161]: sudo daphnereload
2024-12-15T22:26:39.851336-08:00 lotteh team: team [4023832]: nano remote/views.py 
2024-12-15T22:26:45.301739-08:00 lotteh team: team [4023832]: nano chat/vi
2024-12-15T22:27:00.375768-08:00 lotteh team: team [4023832]: nano chat/views.py 
2024-12-15T22:27:48.725856-08:00 lotteh team: team [4023832]: nano templates/pagelinks.html 
2024-12-15T22:28:22.875398-08:00 lotteh team: team [4023832]: nano chat/views.py 
2024-12-15T22:28:26.096599-08:00 lotteh team: team [4023832]: nano chat/views.py 
2024-12-15T22:28:55.446539-08:00 lotteh team: team [4023832]: nano remote/views.py 
2024-12-15T22:29:03.789619-08:00 lotteh team: team [4023832]: nano remote/views.py 
2024-12-15T22:29:07.811754-08:00 lotteh team: team [4023832]: sudo daphnereload
2024-12-15T22:29:13.152324-08:00 lotteh team: team [3795891]: compinfo
2024-12-15T22:29:41.592621-08:00 lotteh team: team [3876214]: watch du -sh data/*
2024-12-15T22:30:19.897519-08:00 lotteh team: team [3871161]: cat chat/views.py 
2024-12-15T22:32:09.692814-08:00 lotteh team: team [3876214]: nano users/views.py 
2024-12-15T22:32:16.235305-08:00 lotteh team: team [3876214]: nano users/templates/users/user
2024-12-15T22:32:34.558065-08:00 lotteh team: team [3876214]: nano users/templates/users/users.html 
2024-12-15T22:33:00.982685-08:00 lotteh team: team [3876214]: nano users/views.py 
2024-12-15T22:33:04.834668-08:00 lotteh team: team [3876214]: sudo daphnereload
2024-12-15T22:33:10.155157-08:00 lotteh team: team [3876214]: python manage.py checl
2024-12-15T22:33:13.045302-08:00 lotteh team: team [3876214]: python manage.py check
2024-12-15T22:33:55.090988-08:00 lotteh team: team [3876214]: nano users/views.py 
2024-12-15T22:33:57.231675-08:00 lotteh team: team [3876214]: sudo daphnereload
2024-12-15T22:34:33.776610-08:00 lotteh team: team [3876214]: nano users/views.py 
2024-12-15T22:34:37.077023-08:00 lotteh team: team [3876214]: sudo daphnereload
2024-12-15T22:34:53.429005-08:00 lotteh team: team [3876214]: sudo systemctl status daphne
2024-12-15T23:15:23.757413-08:00 lotteh team: team [4023832]: nano feed/context_processors.py 
2024-12-15T23:15:38.909984-08:00 lotteh team: team [4023832]: nano users/templates/users/users.html 
2024-12-15T23:15:41.356537-08:00 lotteh team: team [4023832]: nano users/templates/users/users.html 
2024-12-15T23:15:49.980812-08:00 lotteh team: team [4023832]: nano users/templates/users/_user.html 
2024-12-15T23:16:03.141374-08:00 lotteh team: team [4023832]: cp users/templates/users/toggle_active.html users/templates/users/toggle_gift.html
2024-12-15T23:16:20.866932-08:00 lotteh team: team [4023832]: nano users/templates/users/_user.html 
2024-12-15T23:19:06.031837-08:00 lotteh team: team [4023832]: nano users/templates/users/toggle_gift.html 
2024-12-15T23:23:19.281469-08:00 lotteh team: team [4023832]: nano users/views.py 
2024-12-15T23:24:04.587679-08:00 lotteh team: team [4023832]: nano users/urls.py 
2024-12-15T23:24:18.050587-08:00 lotteh team: team [4023832]: nano users/templates/users/toggle_gift.html 
2024-12-15T23:24:26.869349-08:00 lotteh team: team [4023832]: sudo doreload
2024-12-15T23:25:41.902613-08:00 lotteh team: team [4023832]: nano users/templates/users/toggle_gift.html 
2024-12-15T23:26:52.152705-08:00 lotteh team: team [4023832]: nano users/templates/users/toggle_gift.html 
2024-12-15T23:27:46.061203-08:00 lotteh team: team [4023832]: nano users/views.py 
2024-12-15T23:27:48.105735-08:00 lotteh team: team [4023832]: sudo doreload
2024-12-15T23:28:12.820654-08:00 lotteh team: team [4023832]: nano users/views.py 
2024-12-15T23:28:14.235747-08:00 lotteh team: team [4023832]: sudo doreload
2024-12-15T23:29:24.069721-08:00 lotteh team: team [4023832]: nano users/views.py 
2024-12-15T23:29:29.865201-08:00 lotteh team: team [4023832]: nano users/templates/users/toggle_
2024-12-15T23:29:37.120372-08:00 lotteh team: team [4023832]: nano users/templates/users/toggle_gift.html 
2024-12-15T23:29:52.150591-08:00 lotteh team: team [4023832]: nano users/templates/users/toggle_active.html 
2024-12-15T23:29:56.422747-08:00 lotteh team: team [4023832]: sudo doreload
2024-12-15T23:31:24.903663-08:00 lotteh team: team [4023832]: nano users/templates/users/toggle_active.html 
2024-12-15T23:32:27.554269-08:00 lotteh team: team [4023832]: nano users/views.py 
2024-12-15T23:39:43.901104-08:00 lotteh team: team [368807]: cat /etc/config.json | grep MONERO
2024-12-15T23:40:21.857416-08:00 lotteh team: team [370229]: cat /etc/config.json | grep MONERO
2024-12-16T00:02:58.792732-08:00 lotteh team: team [4023832]: cmds
2024-12-16T00:04:54.756945-08:00 lotteh team: team [110272]: cmds
2024-12-16T00:05:03.336298-08:00 lotteh team: team [4023832]: sudo backup nodb
2024-12-16T00:07:32.204646-08:00 lotteh team: team [110272]: cat /var/log/commands.log
2024-12-16T00:58:02.309414-08:00 lotteh team: team [3867935]: lockout
2024-12-16T01:07:48.451863-08:00 lotteh team: team [4023832]: cat /etc/config.json 
2024-12-16T01:09:03.655190-08:00 lotteh team: team [4023832]: cat /etc/apis.json 
2024-12-17T14:52:42.591159-08:00 lotteh team: team [61194]: sudo systemctl status daphne
2024-12-17T14:52:44.130691-08:00 lotteh team: team [61194]: venv
2024-12-17T14:52:46.276335-08:00 lotteh team: team [61194]: cd lotteh
2024-12-17T14:52:51.129890-08:00 lotteh team: team [61194]: python approve_login.py 1
2024-12-17T14:52:54.494967-08:00 lotteh team: team [61254]: sudo systemctl status daphne
2024-12-17T14:52:55.064255-08:00 lotteh team: team [61194]: python approve_login.py 1
2024-12-17T14:52:56.312083-08:00 lotteh team: team [61283]: sudo systemctl status daphne
2024-12-17T14:53:04.472485-08:00 lotteh team: team [61309]: sudo systemctl status daphne
2024-12-17T14:59:11.103278-08:00 lotteh team: team [61283]: nano templates/base.html
2024-12-17T14:59:37.727461-08:00 lotteh team: team [61283]: nano web/templates/web/base.html 
2024-12-17T14:59:47.452535-08:00 lotteh team: team [61283]: nano web/templates/web/base.html 
2024-12-17T15:00:38.320610-08:00 lotteh team: team [61283]: nano web/templates/web/post.html 
2024-12-17T15:00:56.087067-08:00 lotteh team: team [61283]: nano web/templates/web/private.html 
2024-12-17T15:01:06.766645-08:00 lotteh team: team [61283]: nano web/templates/web/news.html 
2024-12-17T15:01:44.349571-08:00 lotteh team: team [61283]: nano web/templates/web/landing.html 
2024-12-17T15:02:01.921617-08:00 lotteh team: team [61283]: nano web/templates/web/contact.html 
2024-12-17T15:06:14.593590-08:00 lotteh team: team [61283]: nano web/templates/web/contact.html 
2024-12-17T15:06:25.874286-08:00 lotteh team: team [61283]: nano web/templates/web/landing.html 
2024-12-17T15:08:14.011889-08:00 lotteh team: team [61283]: nano web/templates/web/post.html 
2024-12-17T15:12:44.838959-08:00 lotteh team: team [61283]: nano web/templates/web/post.html 
2024-12-17T15:13:03.287831-08:00 lotteh team: team [61283]: cp web/templates/web/contact.html web/templates/web/social.html
2024-12-17T15:13:06.718930-08:00 lotteh team: team [61283]: cp web/templates/web/contact.html web/templates/web/social.html
2024-12-17T15:13:16.644422-08:00 lotteh team: team [61283]: cp web/templates/web/post.html web/templates/web/social.html 
2024-12-17T15:14:34.056720-08:00 lotteh team: team [61283]: nano web/templates/web/social.html 
2024-12-17T15:15:00.798194-08:00 lotteh team: team [61283]: nano web/templates/web/post.html 
2024-12-17T15:15:10.159900-08:00 lotteh team: team [61283]: nano web/templates/web/contact.html 
2024-12-17T15:15:22.242766-08:00 lotteh team: team [61283]: nano web/templates/web/landing.html 
2024-12-17T15:15:37.946159-08:00 lotteh team: team [61283]: nano web/templates/web/contact.html 
2024-12-17T15:16:22.026753-08:00 lotteh team: team [61283]: nano web/templates/web/private.html 
2024-12-17T15:16:37.466643-08:00 lotteh team: team [61283]: nano web/templates/web/index.html 
2024-12-17T15:16:47.665362-08:00 lotteh team: team [61283]: nano web/templates/web/landing.html 
2024-12-17T15:16:53.344321-08:00 lotteh team: team [61283]: nano templates/social
2024-12-17T15:17:50.689648-08:00 lotteh team: team [61283]: nano templates/social.html 
2024-12-17T15:17:58.350473-08:00 lotteh team: team [61283]: cat templates/social.html | grep img
2024-12-17T15:18:12.627213-08:00 lotteh team: team [61283]: nano templates/social.html 
2024-12-17T15:18:15.480029-08:00 lotteh team: team [61283]: sudo daphnereload
2024-12-17T15:18:22.027583-08:00 lotteh team: team [61283]: sudo purgecache
2024-12-17T15:19:17.980783-08:00 lotteh team: team [61283]: cat feed/templates/feed/_post.html | grep '{% include 'web/social.html' %}#012'
2024-12-17T15:19:26.645915-08:00 lotteh team: team [61283]: cat feed/templates/feed/_post.html | grep '</img>'
2024-12-17T15:19:42.549812-08:00 lotteh team: team [61283]: cat feed/templates/feed/full_profile.html | grep '</img>'
2024-12-17T15:19:46.643950-08:00 lotteh team: team [61283]: cat feed/templates/feed/_full_profile.html | grep '</img>'
2024-12-17T15:40:27.999819-08:00 lotteh team: team [61283]: cat feed/templates/feed/_full_profile.html | grep '</img>'
2024-12-17T15:43:15.561957-08:00 lotteh team: team [61283]: nano misc/sitemap.py 
2024-12-17T15:43:19.648599-08:00 lotteh team: team [61283]: nano misc/sitemap.py 
2024-12-17T15:48:20.622882-08:00 lotteh team: team [61283]: nano web/templates/web/language.html 
2024-12-17T15:49:04.279444-08:00 lotteh team: team [61283]: nano templates/language.html 
2024-12-17T15:49:16.393608-08:00 lotteh team: team [61283]: nano misc/sitemap.py 
2024-12-17T15:52:09.797805-08:00 lotteh team: team [61283]: nano templates/language.html 
2024-12-17T15:52:15.587601-08:00 lotteh team: team [61283]: sudo doreload
2024-12-17T15:52:17.842820-08:00 lotteh team: team [61283]: sudo daphnereload
2024-12-17T15:52:27.601195-08:00 lotteh team: team [61283]: logs
2024-12-17T15:52:30.188212-08:00 lotteh team: team [61283]: cmds
2024-12-17T15:52:57.847948-08:00 lotteh team: team [61283]: sudo nano /var/log/commands.log
2024-12-17T15:52:58.675457-08:00 lotteh team: team [61283]: cmds
2024-12-17T15:53:00.440350-08:00 lotteh team: team [61283]: cmds
2024-12-17T15:53:03.178902-08:00 lotteh team: team [61283]: cmds
2024-12-17T15:53:22.095788-08:00 lotteh team: team [61283]: sudo pushweb
2024-12-17T15:53:22.305520-08:00 lotteh team: team [61283]: sudo pushweb
2024-12-17T15:53:25.788448-08:00 lotteh team: team [61283]: nano web/generate.py
2024-12-17T15:54:03.871222-08:00 lotteh team: team [61283]: sudo pushweb
2024-12-17T17:16:41.505474-08:00 lotteh team: team [68484]: sudo systemctl status daphne
2024-12-17T17:16:43.466065-08:00 lotteh team: team [68484]: ls scripts
2024-12-17T17:18:37.400353-08:00 lotteh team: team [68484]: nano scripts/setup
2024-12-17T17:18:52.396695-08:00 lotteh team: team [68484]: pip3 install nudepy==0.4
2024-12-17T17:18:54.015646-08:00 lotteh team: team [61283]: python manage.py shell
2024-12-17T17:20:30.913038-08:00 lotteh team: team [68484]: compinfo
2024-12-17T17:20:42.397125-08:00 lotteh team: team [68484]: nano feed/nude.py 
2024-12-17T17:22:28.876066-08:00 lotteh team: team [68484]: nano feed/nude.py 
2024-12-17T17:22:43.043534-08:00 lotteh team: team [61283]: python manage.py shell
2024-12-17T17:25:15.996165-08:00 lotteh team: team [68484]: nano feed/nude.py 
2024-12-17T17:25:24.334774-08:00 lotteh team: team [68484]: pip3 install --upgrade "nudenet>=3.4.2"
2024-12-17T17:26:53.927249-08:00 lotteh team: team [68484]: sudo ascript setup
2024-12-17T17:27:04.199265-08:00 lotteh team: team [68484]: nano feed/nude.py 
2024-12-17T17:28:01.261414-08:00 lotteh team: team [68484]: nano feed/blur.py 
2024-12-17T17:29:23.729270-08:00 lotteh team: team [68484]: nano feed/blur.py 
2024-12-17T17:30:05.239383-08:00 lotteh team: team [68484]: nano feed/blur.py 
2024-12-17T17:31:15.408182-08:00 lotteh team: team [68484]: nano feed/blur.py 
2024-12-17T17:31:53.126468-08:00 lotteh team: team [68484]: nano feed/nude.py 
2024-12-17T17:32:55.022872-08:00 lotteh team: team [68484]: nano feed/blur.py 
2024-12-17T17:33:25.502463-08:00 lotteh team: team [68484]: nano feed/nude.py 
2024-12-17T17:34:29.070272-08:00 lotteh team: team [61283]: python manage.py shell
2024-12-17T17:35:13.209778-08:00 lotteh team: team [68484]: nano feed/blur.py 
2024-12-17T17:35:16.767803-08:00 lotteh team: team [61283]: python manage.py shell
2024-12-17T17:35:49.374327-08:00 lotteh team: team [68484]: nano feed/blur.py 
2024-12-17T17:36:10.226844-08:00 lotteh team: team [68484]: nano feed/blur.py 
2024-12-17T17:37:21.202829-08:00 lotteh team: team [61283]: python manage.py shell
2024-12-17T17:38:40.128828-08:00 lotteh team: team [68484]: nano feed/blur.py 
2024-12-17T17:38:58.707343-08:00 lotteh team: team [68484]: nano feed/blur.py 
2024-12-17T17:39:03.957094-08:00 lotteh team: team [68484]: cat scripts/patchvenv
2024-12-17T17:39:10.188873-08:00 lotteh team: team [68484]: cat scripts/resetvenv
2024-12-17T17:42:49.756492-08:00 lotteh team: team [68484]: nano feed/blur.py 
2024-12-17T17:43:29.853705-08:00 lotteh team: team [68484]: nano feed/blur.py 
2024-12-17T17:44:45.705581-08:00 lotteh team: team [68484]: nano feed/blur.py 
2024-12-17T17:45:47.414818-08:00 lotteh team: team [68484]: nano feed/blur.py 
2024-12-17T17:45:55.448639-08:00 lotteh team: team [68484]: cat scripts/resetvenv
2024-12-17T17:49:34.582746-08:00 lotteh team: team [68484]: nano feed/blur.py 
2024-12-17T17:52:35.188110-08:00 lotteh team: team [68484]: nano feed/blur.py 
2024-12-17T17:53:22.033150-08:00 lotteh team: team [68484]: nano feed/blur.py 
2024-12-17T17:53:24.644297-08:00 lotteh team: team [61283]: python manage.py shell
2024-12-17T17:54:37.693194-08:00 lotteh team: team [68484]: nano feed/blur.py 
2024-12-17T17:54:49.212446-08:00 lotteh team: team [61283]: python manage.py shell
2024-12-17T17:55:46.119696-08:00 lotteh team: team [68484]: nano feed/blur.py 
2024-12-17T17:56:22.508519-08:00 lotteh team: team [68484]: nano feed/blur.py 
2024-12-17T17:57:28.437845-08:00 lotteh team: team [68484]: nano feed/models.py
2024-12-17T17:59:05.713194-08:00 lotteh team: team [68484]: nano feed/blur.py 
2024-12-17T17:59:35.902929-08:00 lotteh team: team [68484]: nano feed/models.py
2024-12-17T17:59:59.999952-08:00 lotteh team: team [68484]: nano feed/models.py
2024-12-17T18:00:17.551875-08:00 lotteh team: team [68484]: nano feed/models.py
2024-12-17T18:00:26.647781-08:00 lotteh team: team [68484]: cat feed/models.py| greo enhance
2024-12-17T18:00:30.730944-08:00 lotteh team: team [68484]: cat feed/models.py| grep enhance
2024-12-17T18:00:37.490848-08:00 lotteh team: team [68484]: cat feed/models.py| grep enhance -nH
2024-12-17T18:01:48.470830-08:00 lotteh team: team [68484]: nano feed/models.py
2024-12-17T18:02:35.641052-08:00 lotteh team: team [68484]: nano enhance/image.py 
2024-12-17T18:02:40.610858-08:00 lotteh team: team [61283]: python manage.py shell
2024-12-17T18:03:37.630304-08:00 lotteh team: team [61283]: python manage.py shell
2024-12-17T18:04:13.358167-08:00 lotteh team: team [68484]: nano feed/models.py
2024-12-17T18:05:08.013825-08:00 lotteh team: team [68484]: nano enhance/image.py 
2024-12-17T18:05:14.347308-08:00 lotteh team: team [68484]: nano feed/blur.py 
2024-12-17T18:05:30.558983-08:00 lotteh team: team [68484]: nano feed/models.py
2024-12-17T18:06:57.677056-08:00 lotteh team: team [68484]: nano feed/models.py
2024-12-17T18:10:49.359416-08:00 lotteh team: team [97931]: sudo systemctl status daphne
2024-12-17T18:10:56.965618-08:00 lotteh team: team [98161]: sudo systemctl status daphne
2024-12-17T18:11:09.852984-08:00 lotteh team: team [98161]: clear
2024-12-17T18:11:11.336391-08:00 lotteh team: team [98161]: ls
2024-12-17T18:11:13.513678-08:00 lotteh team: team [98161]: clear
2024-12-17T18:11:16.536340-08:00 lotteh team: team [98161]: clear
2024-12-17T18:11:18.078394-08:00 lotteh team: team [98161]: ls
2024-12-17T18:11:35.689697-08:00 lotteh team: team [68484]: nano feed/models.py
2024-12-17T18:13:32.255345-08:00 lotteh team: team [68484]: nano shell/templates/shell/terminal.html 
2024-12-17T18:13:38.024713-08:00 lotteh team: team [68484]: sudo daphnereload
2024-12-17T18:13:48.998750-08:00 lotteh team: team [68484]: logs
2024-12-17T18:13:50.345646-08:00 lotteh team: team [68484]: logsa
2024-12-17T18:13:51.828115-08:00 lotteh team: team [68484]: logs
2024-12-17T18:14:15.578512-08:00 lotteh team: team [68484]: nano shell/templates/shell/terminal.html 
2024-12-17T18:14:18.325877-08:00 lotteh team: team [68484]: sudo daphnereload
2024-12-17T18:16:29.859565-08:00 lotteh team: team [68484]: python bucket_posts.py 
2024-12-17T18:16:50.983577-08:00 lotteh team: team [68484]: python bucket_posts.py 
2024-12-17T18:17:05.611797-08:00 lotteh team: team [68484]: python bucket_posts.py 
2024-12-17T18:19:20.301036-08:00 lotteh team: team [61283]: python manage.py shell
2024-12-17T18:19:22.142381-08:00 lotteh team: team [61283]: python manage.py shell
2024-12-17T18:19:56.813439-08:00 lotteh team: team [61283]: nano feed/blur.py 
2024-12-17T18:20:35.174413-08:00 lotteh team: team [68484]: python bucket_posts.py 
2024-12-17T18:20:44.304653-08:00 lotteh team: team [68484]: python force_publish.py 
2024-12-17T18:21:45.125866-08:00 lotteh team: team [68484]: python bucket_posts.py 
2024-12-17T18:22:52.678876-08:00 lotteh team: team [61283]: python manage.py shell
2024-12-17T18:23:10.255143-08:00 lotteh team: team [68484]: nano security/censor_image.py 
2024-12-17T18:25:02.442758-08:00 lotteh team: team [68484]: nano feed/blur.py 
2024-12-17T18:25:13.321503-08:00 lotteh team: team [68484]: nano security/censor_image.py 
2024-12-17T18:25:31.675559-08:00 lotteh team: team [68484]: nano security/censor_video.py 
2024-12-17T18:26:58.573239-08:00 lotteh team: team [68484]: nano security/censor_video.py 
2024-12-17T18:27:01.654017-08:00 lotteh team: team [68484]: nano feed/mdo
2024-12-17T18:27:55.019454-08:00 lotteh team: team [68484]: nano feed/models.py
2024-12-17T18:28:14.023865-08:00 lotteh team: team [68484]: nano lotteh/settings.py 
2024-12-17T18:34:01.908304-08:00 lotteh team: team [192706]: sudo systemctl status daphne
2024-12-17T18:34:04.444885-08:00 lotteh team: team [192886]: sudo systemctl status daphne
2024-12-17T18:42:44.710246-08:00 lotteh team: team [68484]: nano web/generate.py
2024-12-17T18:50:43.073926-08:00 lotteh team: team [68484]: sudo pushweb
2024-12-17T18:50:43.432097-08:00 lotteh team: message repeated 3 times: [ team [68484]: sudo pushweb]
2024-12-17T18:50:47.350554-08:00 lotteh team: team [68484]: ls web/site/
2024-12-17T18:51:03.870878-08:00 lotteh team: team [61283]: python manage.py shell
2024-12-17T18:51:06.228955-08:00 lotteh team: team [61283]: cat misc/sitemap.py 
2024-12-17T18:51:08.665054-08:00 lotteh team: team [68484]: ls web/site/ | grep fo
2024-12-17T18:51:11.572639-08:00 lotteh team: team [68484]: ls web/site/ | grep cs
2024-12-17T18:52:23.239251-08:00 lotteh team: team [68484]: ls web/site/ | grep tr
2024-12-17T18:52:24.959650-08:00 lotteh team: team [68484]: ls web/site/ | grep cs
2024-12-17T18:52:27.145629-08:00 lotteh team: team [68484]: ls web/site/ | grep c
2024-12-17T18:52:28.943113-08:00 lotteh team: team [68484]: ls web/site/ | grep c
2024-12-17T18:52:30.327232-08:00 lotteh team: team [68484]: ls web/site/ | grep cz
2024-12-17T18:54:25.219597-08:00 lotteh team: team [61283]: cat misc/sitemap.py 
2024-12-17T18:57:01.692939-08:00 lotteh team: team [61283]: nano misc/sitemap.py 
2024-12-17T18:57:39.486385-08:00 lotteh team: team [61283]: nano templates/language.html 
2024-12-17T18:57:58.633769-08:00 lotteh team: team [61283]: nano web/templates/web/language.html 
2024-12-17T18:58:14.945307-08:00 lotteh team: team [61283]: nano templates/language.html 
2024-12-17T18:58:23.280511-08:00 lotteh team: team [68484]: python manage.py shell
2024-12-17T18:58:26.174768-08:00 lotteh team: team [68484]: python manage.py shell
2024-12-17T18:58:27.282682-08:00 lotteh team: team [61283]: sudo pushweb
2024-12-17T18:58:42.741338-08:00 lotteh team: team [61283]: nano web/templates/web/language.html 
2024-12-17T18:59:22.060018-08:00 lotteh team: team [61283]: nano templates/language.html 
2024-12-17T18:59:26.679934-08:00 lotteh team: team [61283]: nano web/templates/web/language.html 
2024-12-17T18:59:33.208645-08:00 lotteh team: team [61283]: nano web/templates/web/language.html 
2024-12-17T18:59:40.997902-08:00 lotteh team: team [68484]: nano web/generate.py
2024-12-17T18:59:45.901267-08:00 lotteh team: team [68484]: nano misc/sitemap.py 
2024-12-17T19:09:50.851375-08:00 lotteh team: team [411820]: sudo systemctl status daphne
2024-12-17T19:09:54.359272-08:00 lotteh team: team [412209]: sudo systemctl status daphne
2024-12-17T19:10:30.566551-08:00 lotteh team: team [415981]: sudo systemctl status daphne
2024-12-17T19:10:32.756777-08:00 lotteh team: team [412209]: sudo backup bodb
2024-12-17T19:10:47.392950-08:00 lotteh team: team [415981]: sudo systemctl status daphne
2024-12-17T19:10:55.383037-08:00 lotteh team: team [415981]: ps -aux | grep backup
2024-12-17T19:11:08.016406-08:00 lotteh team: team [415981]: sudo backup nodb &
2024-12-17T19:11:41.932437-08:00 lotteh team: team [415981]: sudo backup nodb &
2024-12-17T19:12:03.319345-08:00 lotteh team: team [415981]: ps -aux | grep pushwev
2024-12-17T19:12:07.296241-08:00 lotteh team: team [415981]: ps -aux | grep pushweb
2024-12-17T19:12:12.732166-08:00 lotteh team: team [415981]: ps -aux | grep pushweb
2024-12-17T19:12:15.988441-08:00 lotteh team: team [415981]: logs
2024-12-17T19:12:21.462067-08:00 lotteh team: team [415981]: logs
2024-12-17T19:12:22.804971-08:00 lotteh team: team [415981]: logs
2024-12-17T19:12:24.665124-08:00 lotteh team: team [415981]: cmds
2024-12-17T19:15:12.215724-08:00 lotteh team: team [415981]: ps -aux | grep pushweb
2024-12-17T19:16:33.722345-08:00 lotteh team: team [448324]: ps -aux | grep pushweb
2024-12-17T19:16:48.974810-08:00 lotteh team: team [449407]: ps -aux | grep pushweb
2024-12-17T19:17:15.474429-08:00 lotteh team: team [451478]: ps -aux | grep pushweb
2024-12-17T19:31:28.680835-08:00 lotteh team: team [68484]: nano web/templates/web/post.html 
2024-12-17T19:31:45.575322-08:00 lotteh team: team [68484]: nano feed/models.py
2024-12-17T19:31:49.963525-08:00 lotteh team: team [68484]: nano web/templates/web/post.html 
2024-12-17T19:32:09.018810-08:00 lotteh team: team [68484]: nano feed/models.py
2024-12-17T19:33:00.200804-08:00 lotteh team: team [68484]: nano web/templates/web/post.html 
2024-12-17T19:34:53.508533-08:00 lotteh team: team [68484]: nano web/generate.py
2024-12-17T19:35:01.240905-08:00 lotteh team: team [68484]: cat lotteh/settings.py | grep FREE
2024-12-17T19:35:05.025257-08:00 lotteh team: team [68484]: cat lotteh/settings.py | grep PRV
2024-12-17T19:35:07.784908-08:00 lotteh team: team [68484]: cat lotteh/settings.py | grep PRIVATE
2024-12-17T19:35:17.096429-08:00 lotteh team: team [68484]: cat lotteh/settings.py | grep PRIVATE
2024-12-17T19:35:20.117563-08:00 lotteh team: team [68484]: cat lotteh/settings.py | grep POST
2024-12-17T19:38:14.246094-08:00 lotteh team: team [68484]: nano web/generate.py
2024-12-17T19:38:57.459193-08:00 lotteh team: team [61283]: sudo pushweb
2024-12-17T19:39:12.446644-08:00 lotteh team: team [68484]: nano web/generate.py
2024-12-17T19:39:27.240321-08:00 lotteh team: team [68484]: nano web/generate.py
2024-12-17T19:39:31.757047-08:00 lotteh team: team [68484]: ls web/site/
2024-12-17T19:40:26.772890-08:00 lotteh team: team [68484]: nano README.md 
2024-12-17T19:40:28.427741-08:00 lotteh team: team [68484]: nano README.md 
2024-12-17T19:40:34.139846-08:00 lotteh team: team [68484]: cat README.md | grep users
2024-12-17T19:40:36.777771-08:00 lotteh team: team [68484]: cat README.md | grep users -nH
2024-12-17T19:40:45.373954-08:00 lotteh team: team [61283]: sudo pushweb
2024-12-17T19:41:49.074924-08:00 lotteh team: team [68484]: nano README.md 
2024-12-17T19:42:29.269021-08:00 lotteh team: team [68484]: sudo pushweb nodb
2024-12-17T19:42:32.026150-08:00 lotteh team: message repeated 2 times: [ team [68484]: sudo pushweb nodb]
2024-12-17T19:42:40.664654-08:00 lotteh team: team [68484]: sudo daphnereload
2024-12-17T19:43:36.159293-08:00 lotteh team: team [68484]: sudo backup nodb
2024-12-17T19:50:01.978841-08:00 lotteh team: team [68484]: python manage.py shell
2024-12-17T19:50:07.628189-08:00 lotteh team: team [68484]: compinfo
2024-12-17T19:50:17.133530-08:00 lotteh team: team [68484]: dbinfo
2024-12-17T19:50:24.096433-08:00 lotteh team: team [68484]: ps -aux | grep backup
2024-12-17T19:50:25.973185-08:00 lotteh team: team [68484]: ps -aux | grep backup
2024-12-17T19:50:29.014645-08:00 lotteh team: team [68484]: clear
2024-12-17T19:50:30.656258-08:00 lotteh team: team [68484]: ps -aux | grep backup
2024-12-17T19:50:32.599718-08:00 lotteh team: team [68484]: ps -aux | grep backup
2024-12-17T19:50:36.371850-08:00 lotteh team: team [68484]: ps -aux | grep pushweb
2024-12-17T19:50:39.563460-08:00 lotteh team: team [68484]: top
2024-12-17T19:50:42.431237-08:00 lotteh team: team [68484]: top
2024-12-17T19:50:45.274118-08:00 lotteh team: team [68484]: clear
2024-12-17T19:50:52.798280-08:00 lotteh team: team [61283]: python manage.py shell
2024-12-17T19:51:10.532833-08:00 lotteh team: team [68484]: top
2024-12-17T19:51:13.409468-08:00 lotteh team: team [68484]: free -h
2024-12-17T19:52:35.769458-08:00 lotteh team: team [68484]: free -h
2024-12-17T19:54:25.867945-08:00 lotteh team: team [68484]: nano web/generate.py
2024-12-17T19:55:16.136912-08:00 lotteh team: team [68484]: nano web/generate.py
2024-12-17T19:55:26.253168-08:00 lotteh team: team [68484]: nano web/generate.py
2024-12-17T19:57:30.406896-08:00 lotteh team: team [68484]: nano web/templates/web/post.html 
2024-12-17T19:58:47.721084-08:00 lotteh team: team [68484]: sudo pushweb
2024-12-17T20:03:03.790291-08:00 lotteh team: team [68484]: nano web/generate.py
2024-12-17T20:03:08.915847-08:00 lotteh team: team [68484]: nano web/generate.py
2024-12-17T20:05:33.770217-08:00 lotteh team: team [68484]: nano web/generate.py
2024-12-17T20:07:03.480185-08:00 lotteh team: team [61283]: python manage.py shell
2024-12-17T20:07:19.095933-08:00 lotteh team: team [61283]: nano feed/models.py
2024-12-17T20:08:17.259259-08:00 lotteh team: team [61283]: nano web/generate.py
2024-12-17T20:08:29.243459-08:00 lotteh team: team [68484]: sudo pushweb
2024-12-17T20:08:29.809912-08:00 lotteh team: message repeated 14 times: [ team [68484]: sudo pushweb]
2024-12-17T20:08:43.599968-08:00 lotteh team: team [61283]: nano web/generate.py
2024-12-17T20:10:08.749733-08:00 lotteh team: team [61283]: nano web/site/en/post-section-fun-problem.html 
2024-12-17T20:10:35.180420-08:00 lotteh team: team [61283]: python manage.py shell
2024-12-17T20:11:15.325829-08:00 lotteh team: team [61283]: nano web/site/en/a-woman-laying-on-a-bed-with-a-together-thick-ago.html 
2024-12-17T20:14:47.383747-08:00 lotteh team: team [68484]: sudo pushweb
2024-12-17T20:15:45.341146-08:00 lotteh team: team [68484]: nano feed/models.py
2024-12-17T20:15:50.393740-08:00 lotteh team: team [61283]: python manage.py shell
2024-12-17T20:15:57.015354-08:00 lotteh team: team [61283]: python manage.py shell
2024-12-17T20:16:43.453209-08:00 lotteh team: team [68484]: nano feed/models.py
2024-12-17T20:17:23.148277-08:00 lotteh team: team [68484]: nano feed/models.py
2024-12-17T20:17:28.723818-08:00 lotteh team: team [61283]: python manage.py shell
2024-12-17T20:19:06.886687-08:00 lotteh team: team [61283]: sudo backup nodb
2024-12-17T20:22:10.532803-08:00 lotteh team: team [61283]: python manage.py shell
2024-12-17T20:23:53.443508-08:00 lotteh team: team [61283]: nano feed/models.py
2024-12-17T20:23:58.982963-08:00 lotteh team: team [61283]: python manage.py check
2024-12-17T20:25:39.323353-08:00 lotteh team: team [61283]: python manage.py shell
2024-12-17T20:25:47.869150-08:00 lotteh team: team [68484]: sudo pushweb
2024-12-17T20:25:48.373517-08:00 lotteh team: message repeated 13 times: [ team [68484]: sudo pushweb]
2024-12-17T20:25:57.020331-08:00 lotteh team: team [61283]: python manage.py check
2024-12-17T20:26:30.074463-08:00 lotteh team: team [61283]: python manage.py shell
2024-12-17T20:27:00.512870-08:00 lotteh team: team [61283]: nano web/site/en/post-rather-it-send-simple.html 
2024-12-17T20:27:04.428011-08:00 lotteh team: team [61283]: cat web/site/en/post-rather-it-send-simple.html 
2024-12-17T20:27:40.619923-08:00 lotteh team: team [61283]: nano web/templates/web/post.html 
2024-12-17T20:29:40.202103-08:00 lotteh team: team [61283]: python manage.py shell
2024-12-17T20:29:46.682229-08:00 lotteh team: team [61283]: cat web/site/en/post-hunt-fig-week.html 
2024-12-17T20:32:12.329381-08:00 lotteh team: team [68484]: sudo pushweb
2024-12-17T20:33:25.943079-08:00 lotteh team: team [61283]: nano feed/models.py
2024-12-17T20:33:27.958040-08:00 lotteh team: team [61283]: nano feed/models.py
2024-12-17T20:33:52.384780-08:00 lotteh team: team [61283]: nano web/templates/web/post.html 
2024-12-17T20:34:40.649341-08:00 lotteh team: team [68484]: nano web/site/en/post-rather-it-send-simple.html
2024-12-17T20:34:44.192082-08:00 lotteh team: team [68484]: cat web/site/en/post-rather-it-send-simple.html
2024-12-17T20:43:28.615520-08:00 lotteh team: team [61283]: nano web/templates/web/post.html 
2024-12-17T20:44:15.041564-08:00 lotteh team: team [61283]: sudo backup nodb
2024-12-17T21:58:09.893279-08:00 lotteh team: team [894034]: ps -aux | grep pushweb
2024-12-17T21:58:12.906967-08:00 lotteh team: team [894077]: ps -aux | grep pushweb
2024-12-17T21:58:28.757469-08:00 lotteh team: team [894077]: sudo backup nodb &
2024-12-17T21:59:00.007550-08:00 lotteh team: team [894077]: sudo backup nodb &
2024-12-17T21:59:09.155404-08:00 lotteh team: team [894077]: ls scripts/*up
2024-12-17T21:59:24.066630-08:00 lotteh team: team [894077]: git remote -v
2024-12-17T22:02:53.555399-08:00 lotteh team: team [894034]: venv
2024-12-17T22:04:27.276536-08:00 lotteh team: team [897787]: git remote -v
2024-12-17T22:08:36.615479-08:00 lotteh team: team [899984]: git remote -v
2024-12-18T13:26:23.683116-08:00 lotteh team: team [61194]: python approve_login.py 1
2024-12-18T13:26:26.756444-08:00 lotteh team: team [61194]: logs
2024-12-18T13:26:44.065139-08:00 lotteh team: team [61194]: df -h /
2024-12-18T13:27:16.987602-08:00 lotteh team: team [61194]: sudo rm media/images/*
2024-12-18T13:27:17.397785-08:00 lotteh team: team [61194]: sudo rm media/images/*
2024-12-18T13:27:40.829253-08:00 lotteh team: team [61194]: df -h /
2024-12-18T13:27:53.497627-08:00 lotteh team: team [61194]: sudo daphnereload
2024-12-18T13:28:02.942438-08:00 lotteh team: team [61194]: loga
2024-12-18T13:28:06.001844-08:00 lotteh team: team [61194]: logs
2024-12-18T13:28:25.267226-08:00 lotteh team: team [61194]: sudo systemctl restart postgresql
2024-12-18T13:28:27.206457-08:00 lotteh team: team [61194]: ligs
2024-12-18T13:28:29.041992-08:00 lotteh team: team [61194]: logs
2024-12-18T17:10:34.245369-08:00 lotteh team: team [3062027]: git remote -v
2024-12-18T17:11:19.874298-08:00 lotteh team: team [3067013]: git remote -v
2024-12-18T17:12:28.134797-08:00 lotteh team: team [3067013]: nano scripts/initialize 
2024-12-18T17:12:43.893987-08:00 lotteh team: team [3067013]: python manage.py check
2024-12-18T17:12:44.225757-08:00 lotteh team: team [3067013]: python manage.py check
2024-12-18T17:22:41.368403-08:00 lotteh team: team [3067013]: python manage.py check
2024-12-18T17:22:45.783572-08:00 lotteh team: message repeated 2 times: [ team [3067013]: python manage.py check]
2024-12-18T17:23:04.438027-08:00 lotteh team: team [3067013]: python manage.py check
2024-12-18T17:23:23.549349-08:00 lotteh team: team [3067013]: logs
2024-12-18T17:23:30.191969-08:00 lotteh team: team [3067013]: cmds
2024-12-18T17:23:38.730776-08:00 lotteh team: team [3067013]: compingo
2024-12-18T21:11:38.623551-08:00 lotteh team: team [61283]: nano static/games/threethirteen.js 
2024-12-18T21:11:50.538583-08:00 lotteh team: team [61283]: cat static/games/threethirteen.js |grep wonGame
2024-12-18T21:11:53.663527-08:00 lotteh team: team [61283]: cat static/games/threethirteen.js |grep wonGame -nH
2024-12-18T21:14:38.407532-08:00 lotteh team: team [61283]: nano static/games/threethirteen.js 
2024-12-18T21:15:02.264875-08:00 lotteh team: team [61283]: sudo daphnereload
2024-12-18T21:15:51.173284-08:00 lotteh team: team [61283]: nano static/games/threethirteen.js 
2024-12-18T23:16:33.914896-08:00 lotteh team: team [61309]: venv
2024-12-19T13:22:11.796078-08:00 lotteh team: team [3856274]: cat web/site/en/post-rather-it-send-simple.html
2024-12-19T13:22:22.916846-08:00 lotteh team: team [3857229]: cat web/site/en/post-rather-it-send-simple.html
2024-12-19T13:22:24.311086-08:00 lotteh team: team [3857386]: cat web/site/en/post-rather-it-send-simple.html
2024-12-19T13:49:39.939279-08:00 lotteh team: team [4037081]: cat web/site/en/post-rather-it-send-simple.html
2024-12-19T13:49:41.349064-08:00 lotteh team: team [4037262]: cat web/site/en/post-rather-it-send-simple.html
2024-12-19T13:49:54.553557-08:00 lotteh team: team [4037081]: cat web/site/en/post-rather-it-send-simple.html
2024-12-19T13:51:13.050695-08:00 lotteh team: team [4037262]: nano static/games/threethirteen
2024-12-19T13:52:42.234872-08:00 lotteh team: team [4037262]: nano static/games/threethirteen.js 
2024-12-19T13:52:51.810044-08:00 lotteh team: message repeated 2 times: [ team [4037262]: nano static/games/threethirteen.js ]
2024-12-19T13:52:55.605181-08:00 lotteh team: team [4037262]: sudo daphnereload
2024-12-19T13:53:00.957804-08:00 lotteh team: team [4037262]: sudo systemctl status apaceh2
2024-12-19T13:53:04.728920-08:00 lotteh team: team [4037262]: sudo systemctl status apache2
2024-12-19T13:53:05.506036-08:00 lotteh team: team [4037262]: logs
2024-12-19T13:53:07.284737-08:00 lotteh team: team [4037262]: logs
2024-12-19T13:53:27.910765-08:00 lotteh team: team [4037262]: logs
2024-12-19T13:53:39.840038-08:00 lotteh team: team [4037262]: sudo systemctl status daphne
2024-12-19T13:53:40.861917-08:00 lotteh team: team [4037262]: sudo systemctl status daphne
2024-12-19T13:53:41.623224-08:00 lotteh team: team [4037262]: sudo systemctl status daphne
2024-12-19T13:53:42.431196-08:00 lotteh team: team [4037262]: sudo systemctl status daphne
2024-12-19T13:53:43.197234-08:00 lotteh team: team [4037262]: sudo systemctl status daphne
2024-12-19T13:53:44.195373-08:00 lotteh team: team [4037262]: sudo systemctl status daphne
2024-12-19T13:53:45.332376-08:00 lotteh team: team [4037262]: sudo systemctl status daphne
2024-12-19T13:53:48.351314-08:00 lotteh team: team [4037262]: compinfo
2024-12-19T13:53:49.712251-08:00 lotteh team: team [4037262]: compinfo
2024-12-19T13:53:50.524546-08:00 lotteh team: team [4037262]: logs
2024-12-19T13:53:51.573726-08:00 lotteh team: team [4037262]: logs
2024-12-19T13:53:53.767121-08:00 lotteh team: team [4037262]: sudo systemctl status daphne
2024-12-19T13:53:54.959509-08:00 lotteh team: team [4037262]: sudo systemctl status daphne
2024-12-19T13:53:55.914071-08:00 lotteh team: team [4037262]: sudo systemctl status daphne
2024-12-19T13:54:21.553971-08:00 lotteh team: team [4037262]: watch sudo systemctl status daphne
2024-12-19T13:54:23.431778-08:00 lotteh team: team [4037262]: watch sudo systemctl status daphne
2024-12-19T13:54:25.899744-08:00 lotteh team: team [4037262]: sudo systemctl status daphne
2024-12-19T13:54:27.905648-08:00 lotteh team: team [4037262]: sudo systemctl status daphne
2024-12-19T13:54:29.079057-08:00 lotteh team: team [4037262]: sudo systemctl status daphne
2024-12-19T13:54:32.108774-08:00 lotteh team: team [4037262]: sudo systemctl status daphne
2024-12-19T13:56:15.483816-08:00 lotteh team: team [4037262]: watch sudo systemctl status daphne
2024-12-19T13:59:44.411916-08:00 lotteh team: team [4037262]: nano static/games/threethirteen.js 
2024-12-19T13:59:46.519822-08:00 lotteh team: team [4037262]: nano static/games/threethirteen.js 
2024-12-19T13:59:54.081232-08:00 lotteh team: team [4037262]: cat static/games/threethirteen.js | grep wonGame
2024-12-19T13:59:55.971469-08:00 lotteh team: team [4037262]: cat static/games/threethirteen.js | grep wonGame -nH
2024-12-19T14:00:19.200248-08:00 lotteh team: team [4037262]: nano static/games/threethirteen.js 
2024-12-19T14:00:23.824165-08:00 lotteh team: team [4037262]: sudo doreload
2024-12-19T14:00:40.527297-08:00 lotteh team: team [4037262]: logs
2024-12-19T14:00:41.547578-08:00 lotteh team: team [4037262]: logs
2024-12-19T14:00:42.635414-08:00 lotteh team: team [4037262]: logs
2024-12-19T14:05:47.947432-08:00 lotteh team: team [4037262]: nano static/games/threethirteen.js 
2024-12-19T14:05:51.256519-08:00 lotteh team: team [4037262]: cat static/games/threethirteen.js | grep wonGame -nH
2024-12-19T14:07:46.650017-08:00 lotteh team: team [4037262]: nano static/games/threethirteen.js 
2024-12-19T14:08:21.057195-08:00 lotteh team: team [4037262]: nano static/games/threethirteen.js 
2024-12-19T14:08:23.629126-08:00 lotteh team: team [4037262]: sudo doreload
2024-12-19T14:08:30.085136-08:00 lotteh team: team [4037262]: logs
2024-12-19T14:08:36.781786-08:00 lotteh team: team [4037262]: sudo systemctl status apache2
2024-12-19T14:08:37.593277-08:00 lotteh team: team [4037262]: sudo systemctl status apache2
2024-12-19T14:08:38.326289-08:00 lotteh team: team [4037262]: sudo systemctl status apache2
2024-12-19T14:11:02.670926-08:00 lotteh team: team [4037262]: sudo systemctl status apache2
2024-12-19T14:12:46.520113-08:00 lotteh team: team [4037262]: nano static/games/threethirteen.js 
2024-12-19T14:12:49.251740-08:00 lotteh team: team [4037262]: sudo doreload
2024-12-19T14:13:06.012583-08:00 lotteh team: team [4037262]: watchlogs
2024-12-19T14:13:06.805094-08:00 lotteh team: team [4037262]: logs
2024-12-19T14:13:13.742472-08:00 lotteh team: team [4037262]: logs
2024-12-19T14:18:34.502148-08:00 lotteh team: team [4037262]: nano static/games/threethirteen.js 
2024-12-19T14:18:37.290544-08:00 lotteh team: team [4037262]: sudo doreload
2024-12-19T14:18:47.379126-08:00 lotteh team: team [4037081]: logs
2024-12-19T14:18:48.242941-08:00 lotteh team: team [4037081]: logs
2024-12-19T14:18:49.186746-08:00 lotteh team: team [4037081]: logs
2024-12-19T14:18:49.986376-08:00 lotteh team: team [4037081]: logs
2024-12-19T14:18:55.351791-08:00 lotteh team: team [4037081]: logs
2024-12-19T14:19:55.888924-08:00 lotteh team: team [4037262]: nano static/games/threethirteen.js 
2024-12-19T14:19:57.482387-08:00 lotteh team: team [4037262]: sudo doreload
2024-12-19T14:24:34.410063-08:00 lotteh team: team [4037262]: nano static/games/threethirteen.js 
2024-12-19T14:24:45.566055-08:00 lotteh team: team [4037262]: cat static/games/threethirteen.js | grep -nH drawOpponent
2024-12-19T14:25:33.785717-08:00 lotteh team: team [4037262]: cat static/games/threethirteen.js | grep -nH drawOpponent
2024-12-19T14:25:40.895019-08:00 lotteh team: team [4037262]: cat static/games/threethirteen.js | grep -nH playerDIscard
2024-12-19T14:25:43.900139-08:00 lotteh team: team [4037262]: cat static/games/threethirteen.js | grep -nH playerDiscard
2024-12-19T14:25:57.850187-08:00 lotteh team: team [4037262]: nano static/games/threethirteen.js 
2024-12-19T14:26:00.668885-08:00 lotteh team: team [4037262]: nano static/games/threethirteen.js 
2024-12-19T14:26:03.294589-08:00 lotteh team: team [4037262]: [A
2024-12-19T14:26:36.547363-08:00 lotteh team: team [4037262]: nano static/games/threethirteen.js 
2024-12-19T14:26:38.905352-08:00 lotteh team: team [4037262]: sudo doreload
2024-12-19T14:26:52.596993-08:00 lotteh team: team [4037081]: logs
2024-12-19T14:26:53.482056-08:00 lotteh team: team [4037081]: logs
2024-12-19T14:27:18.103004-08:00 lotteh team: team [4037081]: logs
2024-12-19T14:27:21.778919-08:00 lotteh team: team [4037081]: logs
2024-12-19T14:27:28.669488-08:00 lotteh team: team [4037081]: logs
2024-12-19T14:27:34.137818-08:00 lotteh team: team [4037081]: compinfo
2024-12-19T14:29:34.530155-08:00 lotteh team: team [4037262]: nano static/games/threethirteen.js 
2024-12-19T14:30:30.063822-08:00 lotteh team: team [4037262]: sudo doreload
2024-12-19T14:30:48.201588-08:00 lotteh team: team [4037262]: logs
2024-12-19T14:30:49.237871-08:00 lotteh team: team [4037262]: logs
2024-12-19T14:51:01.943973-08:00 lotteh team: team [4037081]: compinfo
2024-12-19T14:51:04.139827-08:00 lotteh team: team [4037081]: sudo daphnereload
2024-12-19T14:51:36.785024-08:00 lotteh team: team [4037081]: sudo backup nodb
2024-12-19T15:46:43.355816-08:00 lotteh team: team [4037262]: nano static/games/threethirteen.js 
2024-12-19T15:47:27.594878-08:00 lotteh team: team [4037262]: nano static/games/threethirteen.js 
2024-12-19T15:47:32.112974-08:00 lotteh team: team [4037262]: sudo doreload
2024-12-19T15:47:34.258345-08:00 lotteh team: team [4037262]: doreload
2024-12-19T15:47:39.156186-08:00 lotteh team: team [4037262]: sudo doreload
2024-12-19T15:47:48.017136-08:00 lotteh team: team [4037262]: logs
2024-12-19T15:47:48.975206-08:00 lotteh team: team [4037262]: logs
2024-12-19T15:47:49.760798-08:00 lotteh team: team [4037262]: logs
2024-12-19T15:48:56.330332-08:00 lotteh team: team [4037262]: nano static/games/threethirteen.js 
2024-12-19T15:48:57.800014-08:00 lotteh team: team [4037262]: sudo doreload
2024-12-19T15:49:25.702967-08:00 lotteh team: team [4037262]: logs
2024-12-19T15:49:37.247402-08:00 lotteh team: team [4037262]: sudo doreload
2024-12-19T15:51:01.369487-08:00 lotteh team: team [4037262]: nano static/games/threethirteen.js 
2024-12-19T15:51:02.242805-08:00 lotteh team: team [4037262]: sudo doreload
2024-12-19T15:51:18.888322-08:00 lotteh team: team [4037262]: watchlogs
2024-12-19T15:51:24.827786-08:00 lotteh team: team [4037262]: logs
2024-12-19T15:51:26.088818-08:00 lotteh team: team [4037262]: logs
2024-12-19T15:51:32.540341-08:00 lotteh team: team [4037262]: logs
2024-12-19T15:52:25.258788-08:00 lotteh team: team [4037262]: nano static/games/threethirteen.js 
2024-12-19T15:52:38.437722-08:00 lotteh team: team [4037262]: sudo doreload
2024-12-19T15:53:48.668788-08:00 lotteh team: team [4037262]: nano static/games/threethirteen.js 
2024-12-19T15:53:58.108018-08:00 lotteh team: team [4037262]: cat static/games/threethirteen.js | grep wonContainer
2024-12-19T15:54:00.634125-08:00 lotteh team: team [4037262]: cat static/games/threethirteen.js | grep wonContainer -nH
2024-12-19T15:58:05.876273-08:00 lotteh team: team [4037262]: nano static/games/threethirteen.js 
2024-12-19T15:58:08.220586-08:00 lotteh team: team [4037262]: sudo doreload
2024-12-19T15:58:13.739637-08:00 lotteh team: team [4037262]: logs
2024-12-19T15:59:34.641511-08:00 lotteh team: team [4037262]: nano static/games/threethirteen.js 
2024-12-19T15:59:44.293629-08:00 lotteh team: team [4037262]: cat static/games/threethirteen.js | grep recoveringState
2024-12-19T15:59:46.849373-08:00 lotteh team: team [4037262]: cat static/games/threethirteen.js | grep recoveringState -nH
2024-12-19T16:00:59.075696-08:00 lotteh team: team [4037262]: nano static/games/threethirteen.js 
2024-12-19T16:01:02.553426-08:00 lotteh team: team [4037262]: cat static/games/threethirteen.js | grep recoveringState -nH
2024-12-19T16:06:53.156062-08:00 lotteh team: team [4037262]: nano static/games/threethirteen.js 
2024-12-19T16:06:56.457792-08:00 lotteh team: team [4037262]: sudo doreload
2024-12-19T16:07:12.224855-08:00 lotteh team: team [4037262]: logs
2024-12-19T16:07:15.543198-08:00 lotteh team: team [4037262]: logs
2024-12-19T16:11:37.845970-08:00 lotteh team: team [4037262]: watchlogs
2024-12-19T16:11:43.634420-08:00 lotteh team: team [4037262]: cat static/games/threethirteen.js 
